Log file open, 07/13/18 10:03:01
LogWindows: Failed to load 'aqProf.dll' (GetLastError=126)
LogWindows: File 'aqProf.dll' does not exist
LogWindows: Failed to load 'VtuneApi.dll' (GetLastError=126)
LogWindows: File 'VtuneApi.dll' does not exist
LogWindows: Failed to load 'VtuneApi32e.dll' (GetLastError=126)
LogWindows: File 'VtuneApi32e.dll' does not exist
LogInit: Display: Running engine for game: VR_NewLab
LogPlatformFile: Not using cached read wrapper
LogInit: Display: RandInit(703145316) SRandInit(703145316).
LogInit: Read version file with build ID '3944462'
LogInit: Overriding engine version to CL 4033788, compatible CL 3944462
LogInit: Registered custom module enumerator with build ID '3944462'
LogTaskGraph: Started task graph with 5 named threads and 23 total threads with 3 sets of task threads.
LogStats: Stats thread started at 7.369736
LogD3D11RHI: Aftermath initialized
LogICUInternationalization: Display: ICU TimeZone Detection - Raw Offset: +8:00, Platform Override: ''
LogModuleManager: Display: Found up-to-date module file ../../../Engine/Plugins/2D/Paper2D/Binaries/Win64/UE4Editor-Paper2D.dll (API version 3944462).
LogModuleManager: Display: Found up-to-date module file ../../../Engine/Plugins/2D/Paper2D/Binaries/Win64/UE4Editor-Paper2DEditor.dll (API version 3944462).
LogModuleManager: Display: Found up-to-date module file ../../../Engine/Plugins/2D/Paper2D/Binaries/Win64/UE4Editor-PaperSpriteSheetImporter.dll (API version 3944462).
LogModuleManager: Display: Found up-to-date module file ../../../Engine/Plugins/2D/Paper2D/Binaries/Win64/UE4Editor-PaperTiledImporter.dll (API version 3944462).
LogModuleManager: Display: Found up-to-date module file ../../../Engine/Plugins/2D/Paper2D/Binaries/Win64/UE4Editor-SmartSnapping.dll (API version 3944462).
LogModuleManager: Display: Found up-to-date module file ../../../Engine/Plugins/Blendables/LightPropagationVolume/Binaries/Win64/UE4Editor-LightPropagationVolumeRuntime.dll (API version 3944462).
LogModuleManager: Display: Found up-to-date module file ../../../Engine/Plugins/Blendables/LightPropagationVolume/Binaries/Win64/UE4Editor-LightPropagationVolumeEditor.dll (API version 3944462).
LogModuleManager: Display: Found up-to-date module file ../../../Engine/Plugins/Developer/CLionSourceCodeAccess/Binaries/Win64/UE4Editor-CLionSourceCodeAccess.dll (API version 3944462).
LogModuleManager: Display: Found up-to-date module file ../../../Engine/Plugins/Developer/GitSourceControl/Binaries/Win64/UE4Editor-GitSourceControl.dll (API version 3944462).
LogModuleManager: Display: Found up-to-date module file ../../../Engine/Plugins/Developer/PerforceSourceControl/Binaries/Win64/UE4Editor-PerforceSourceControl.dll (API version 3944462).
LogModuleManager: Display: Found up-to-date module file ../../../Engine/Plugins/Developer/SubversionSourceControl/Binaries/Win64/UE4Editor-SubversionSourceControl.dll (API version 3944462).
LogModuleManager: Display: Found up-to-date module file ../../../Engine/Plugins/Developer/UObjectPlugin/Binaries/Win64/UE4Editor-UObjectPlugin.dll (API version 3944462).
LogModuleManager: Display: Found up-to-date module file ../../../Engine/Plugins/Developer/VisualStudioCodeSourceCodeAccess/Binaries/Win64/UE4Editor-VisualStudioCodeSourceCodeAccess.dll (API version 3944462).
LogModuleManager: Display: Found up-to-date module file ../../../Engine/Plugins/Developer/VisualStudioSourceCodeAccess/Binaries/Win64/UE4Editor-VisualStudioSourceCodeAccess.dll (API version 3944462).
LogModuleManager: Display: Found up-to-date module file ../../../Engine/Plugins/Editor/AssetManagerEditor/Binaries/Win64/UE4Editor-AssetManagerEditor.dll (API version 3944462).
LogModuleManager: Display: Found up-to-date module file ../../../Engine/Plugins/Editor/CryptoKeys/Binaries/Win64/UE4Editor-CryptoKeys.dll (API version 3944462).
LogModuleManager: Display: Found up-to-date module file ../../../Engine/Plugins/Editor/CryptoKeys/Binaries/Win64/UE4Editor-CryptoKeysOpenSSL.dll (API version 3944462).
LogModuleManager: Display: Found up-to-date module file ../../../Engine/Plugins/Editor/DataValidation/Binaries/Win64/UE4Editor-DataValidation.dll (API version 3944462).
LogModuleManager: Display: Found up-to-date module file ../../../Engine/Plugins/Editor/FacialAnimation/Binaries/Win64/UE4Editor-FacialAnimation.dll (API version 3944462).
LogModuleManager: Display: Found up-to-date module file ../../../Engine/Plugins/Editor/FacialAnimation/Binaries/Win64/UE4Editor-FacialAnimationEditor.dll (API version 3944462).
LogModuleManager: Display: Found up-to-date module file ../../../Engine/Plugins/Editor/GameplayTagsEditor/Binaries/Win64/UE4Editor-GameplayTagsEditor.dll (API version 3944462).
LogModuleManager: Display: Found up-to-date module file ../../../Engine/Plugins/Editor/MobileLauncherProfileWizard/Binaries/Win64/UE4Editor-MobileLauncherProfileWizard.dll (API version 3944462).
LogModuleManager: Display: Found up-to-date module file ../../../Engine/Plugins/Editor/PluginBrowser/Binaries/Win64/UE4Editor-PluginBrowser.dll (API version 3944462).
LogModuleManager: Display: Found up-to-date module file ../../../Engine/Plugins/Editor/SpeedTreeImporter/Binaries/Win64/UE4Editor-SpeedTreeImporter.dll (API version 3944462).
LogModuleManager: Display: Found up-to-date module file ../../../Engine/Plugins/Enterprise/DatasmithContent/Binaries/Win64/UE4Editor-DatasmithContent.dll (API version 3944462).
LogModuleManager: Display: Found up-to-date module file ../../../Engine/Plugins/Experimental/AlembicImporter/Binaries/Win64/UE4Editor-AlembicImporter.dll (API version 3944462).
LogModuleManager: Display: Found up-to-date module file ../../../Engine/Plugins/Experimental/AlembicImporter/Binaries/Win64/UE4Editor-AlembicLibrary.dll (API version 3944462).
LogModuleManager: Display: Found up-to-date module file ../../../Engine/Plugins/Experimental/CharacterAI/Binaries/Win64/UE4Editor-CharacterAI.dll (API version 3944462).
LogModuleManager: Display: Found up-to-date module file ../../../Engine/Plugins/Experimental/HTML5Networking/Binaries/Win64/UE4Editor-HTML5Networking.dll (API version 3944462).
LogModuleManager: Display: Found up-to-date module file ../../../Engine/Plugins/Media/AndroidMedia/Binaries/Win64/UE4Editor-AndroidMediaEditor.dll (API version 3944462).
LogModuleManager: Display: Found up-to-date module file ../../../Engine/Plugins/Media/AndroidMedia/Binaries/Win64/UE4Editor-AndroidMediaFactory.dll (API version 3944462).
LogModuleManager: Display: Found up-to-date module file ../../../Engine/Plugins/Media/AvfMedia/Binaries/Win64/UE4Editor-AvfMediaEditor.dll (API version 3944462).
LogModuleManager: Display: Found up-to-date module file ../../../Engine/Plugins/Media/AvfMedia/Binaries/Win64/UE4Editor-AvfMediaFactory.dll (API version 3944462).
LogModuleManager: Display: Found up-to-date module file ../../../Engine/Plugins/Media/AvfMedia/Binaries/Win64/UE4Editor-AvfMediaFactory.dll (API version 3944462).
LogModuleManager: Display: Found up-to-date module file ../../../Engine/Plugins/Media/ImgMedia/Binaries/Win64/UE4Editor-ImgMedia.dll (API version 3944462).
LogModuleManager: Display: Found up-to-date module file ../../../Engine/Plugins/Media/ImgMedia/Binaries/Win64/UE4Editor-ImgMediaEditor.dll (API version 3944462).
LogModuleManager: Display: Found up-to-date module file ../../../Engine/Plugins/Media/ImgMedia/Binaries/Win64/UE4Editor-ImgMediaFactory.dll (API version 3944462).
LogModuleManager: Display: Found up-to-date module file ../../../Engine/Plugins/Media/ImgMedia/Binaries/Win64/UE4Editor-ImgMediaFactory.dll (API version 3944462).
LogModuleManager: Display: Found up-to-date module file ../../../Engine/Plugins/Media/ImgMedia/Binaries/Win64/UE4Editor-OpenExrWrapper.dll (API version 3944462).
LogModuleManager: Display: Found up-to-date module file ../../../Engine/Plugins/Media/LinearTimecode/Binaries/Win64/UE4Editor-LinearTimecode.dll (API version 3944462).
LogModuleManager: Display: Found up-to-date module file ../../../Engine/Plugins/Media/MediaCompositing/Binaries/Win64/UE4Editor-MediaCompositing.dll (API version 3944462).
LogModuleManager: Display: Found up-to-date module file ../../../Engine/Plugins/Media/MediaCompositing/Binaries/Win64/UE4Editor-MediaCompositingEditor.dll (API version 3944462).
LogModuleManager: Display: Found up-to-date module file ../../../Engine/Plugins/Media/MediaPlayerEditor/Binaries/Win64/UE4Editor-MediaPlayerEditor.dll (API version 3944462).
LogModuleManager: Display: Found up-to-date module file ../../../Engine/Plugins/Media/WmfMedia/Binaries/Win64/UE4Editor-WmfMedia.dll (API version 3944462).
LogModuleManager: Display: Found up-to-date module file ../../../Engine/Plugins/Media/WmfMedia/Binaries/Win64/UE4Editor-WmfMediaEditor.dll (API version 3944462).
LogModuleManager: Display: Found up-to-date module file ../../../Engine/Plugins/Media/WmfMedia/Binaries/Win64/UE4Editor-WmfMediaFactory.dll (API version 3944462).
LogModuleManager: Display: Found up-to-date module file ../../../Engine/Plugins/Media/WmfMedia/Binaries/Win64/UE4Editor-WmfMediaFactory.dll (API version 3944462).
LogModuleManager: Display: Found up-to-date module file ../../../Engine/Plugins/Messaging/TcpMessaging/Binaries/Win64/UE4Editor-TcpMessaging.dll (API version 3944462).
LogModuleManager: Display: Found up-to-date module file ../../../Engine/Plugins/Messaging/UdpMessaging/Binaries/Win64/UE4Editor-UdpMessaging.dll (API version 3944462).
LogModuleManager: Display: Found up-to-date module file ../../../Engine/Plugins/MovieScene/ActorSequence/Binaries/Win64/UE4Editor-ActorSequence.dll (API version 3944462).
LogModuleManager: Display: Found up-to-date module file ../../../Engine/Plugins/MovieScene/LevelSequenceEditor/Binaries/Win64/UE4Editor-LevelSequenceEditor.dll (API version 3944462).
LogModuleManager: Display: Found up-to-date module file ../../../Engine/Plugins/MovieScene/MatineeToLevelSequence/Binaries/Win64/UE4Editor-MatineeToLevelSequence.dll (API version 3944462).
LogModuleManager: Display: Found up-to-date module file ../../../Engine/Plugins/NetcodeUnitTest/NetcodeUnitTest/Binaries/Win64/UE4Editor-NetcodeUnitTest.dll (API version 3944462).
LogModuleManager: Display: Found up-to-date module file ../../../Engine/Plugins/NetcodeUnitTest/NUTUnrealEngine4/Binaries/Win64/UE4Editor-NUTUnrealEngine4.dll (API version 3944462).
LogModuleManager: Display: Found up-to-date module file ../../../Engine/Plugins/Online/OnlineSubsystem/Binaries/Win64/UE4Editor-OnlineSubsystem.dll (API version 3944462).
LogModuleManager: Display: Found up-to-date module file ../../../Engine/Plugins/Runtime/AndroidPermission/Binaries/Win64/UE4Editor-AndroidPermission.dll (API version 3944462).
LogModuleManager: Display: Found up-to-date module file ../../../Engine/Plugins/Online/OnlineSubsystemNull/Binaries/Win64/UE4Editor-OnlineSubsystemNull.dll (API version 3944462).
LogModuleManager: Display: Found up-to-date module file ../../../Engine/Plugins/Online/OnlineSubsystemUtils/Binaries/Win64/UE4Editor-OnlineSubsystemUtils.dll (API version 3944462).
LogModuleManager: Display: Found up-to-date module file ../../../Engine/Plugins/Online/OnlineSubsystemUtils/Binaries/Win64/UE4Editor-OnlineBlueprintSupport.dll (API version 3944462).
LogModuleManager: Display: Found up-to-date module file ../../../Engine/Plugins/Runtime/AndroidDeviceProfileSelector/Binaries/Win64/UE4Editor-AndroidDeviceProfileSelector.dll (API version 3944462).
LogModuleManager: Display: Found up-to-date module file ../../../Engine/Plugins/Runtime/AppleARKit/Binaries/Win64/UE4Editor-AppleARKit.dll (API version 3944462).
LogModuleManager: Display: Found up-to-date module file ../../../Engine/Plugins/Runtime/ProceduralMeshComponent/Binaries/Win64/UE4Editor-ProceduralMeshComponent.dll (API version 3944462).
LogModuleManager: Display: Found up-to-date module file ../../../Engine/Plugins/Runtime/ProceduralMeshComponent/Binaries/Win64/UE4Editor-ProceduralMeshComponentEditor.dll (API version 3944462).
LogModuleManager: Display: Found up-to-date module file ../../../Engine/Plugins/Animation/LiveLink/Binaries/Win64/UE4Editor-LiveLink.dll (API version 3944462).
LogModuleManager: Display: Found up-to-date module file ../../../Engine/Plugins/Animation/LiveLink/Binaries/Win64/UE4Editor-LiveLinkEditor.dll (API version 3944462).
LogModuleManager: Display: Found up-to-date module file ../../../Engine/Plugins/Runtime/ArchVisCharacter/Binaries/Win64/UE4Editor-ArchVisCharacter.dll (API version 3944462).
LogModuleManager: Display: Found up-to-date module file ../../../Engine/Plugins/Runtime/AudioCapture/Binaries/Win64/UE4Editor-AudioCapture.dll (API version 3944462).
LogModuleManager: Display: Found up-to-date module file ../../../Engine/Plugins/Runtime/AudioCapture/Binaries/Win64/UE4Editor-AudioCaptureEditor.dll (API version 3944462).
LogModuleManager: Display: Found up-to-date module file ../../../Engine/Plugins/Runtime/CableComponent/Binaries/Win64/UE4Editor-CableComponent.dll (API version 3944462).
LogModuleManager: Display: Found up-to-date module file ../../../Engine/Plugins/Runtime/CustomMeshComponent/Binaries/Win64/UE4Editor-CustomMeshComponent.dll (API version 3944462).
LogModuleManager: Display: Found up-to-date module file ../../../Engine/Plugins/Runtime/ExampleDeviceProfileSelector/Binaries/Win64/UE4Editor-ExampleDeviceProfileSelector.dll (API version 3944462).
LogModuleManager: Display: Found up-to-date module file ../../../Engine/Plugins/Runtime/ImmediatePhysics/Binaries/Win64/UE4Editor-ImmediatePhysics.dll (API version 3944462).
LogModuleManager: Display: Found up-to-date module file ../../../Engine/Plugins/Runtime/ImmediatePhysics/Binaries/Win64/UE4Editor-ImmediatePhysicsEditor.dll (API version 3944462).
LogModuleManager: Display: Found up-to-date module file ../../../Engine/Plugins/Runtime/LocationServicesBPLibrary/Binaries/Win64/UE4Editor-LocationServicesBPLibrary.dll (API version 3944462).
LogModuleManager: Display: Found up-to-date module file ../../../Engine/Plugins/Runtime/MobilePatchingUtils/Binaries/Win64/UE4Editor-MobilePatchingUtils.dll (API version 3944462).
LogModuleManager: Display: Found up-to-date module file ../../../Engine/Plugins/Runtime/Oculus/OculusVR/Binaries/Win64/UE4Editor-OculusHMD.dll (API version 3944462).
LogModuleManager: Display: Found up-to-date module file ../../../Engine/Plugins/Runtime/Oculus/OculusVR/Binaries/Win64/UE4Editor-OculusInput.dll (API version 3944462).
LogModuleManager: Display: Found up-to-date module file ../../../Engine/Plugins/Runtime/Oculus/OculusVR/Binaries/Win64/UE4Editor-OculusEditor.dll (API version 3944462).
LogModuleManager: Display: Found up-to-date module file ../../../Engine/Plugins/Runtime/PhysXVehicles/Binaries/Win64/UE4Editor-PhysXVehicles.dll (API version 3944462).
LogModuleManager: Display: Found up-to-date module file ../../../Engine/Plugins/Runtime/PhysXVehicles/Binaries/Win64/UE4Editor-PhysXVehiclesEditor.dll (API version 3944462).
LogModuleManager: Display: Found up-to-date module file ../../../Engine/Plugins/Runtime/RuntimePhysXCooking/Binaries/Win64/UE4Editor-RuntimePhysXCooking.dll (API version 3944462).
LogModuleManager: Display: Found up-to-date module file ../../../Engine/Plugins/Runtime/Steam/SteamVR/Binaries/Win64/UE4Editor-SteamVR.dll (API version 3944462).
LogModuleManager: Display: Found up-to-date module file ../../../Engine/Plugins/Runtime/Steam/SteamVR/Binaries/Win64/UE4Editor-SteamVRController.dll (API version 3944462).
LogModuleManager: Display: Found up-to-date module file ../../../Engine/Plugins/Runtime/WindowsMoviePlayer/Binaries/Win64/UE4Editor-WindowsMoviePlayer.dll (API version 3944462).
LogPluginManager: Mounting plugin Paper2D
LogPluginManager: Mounting plugin LiveLink
LogPluginManager: Mounting plugin LightPropagationVolume
LogPluginManager: Mounting plugin CLionSourceCodeAccess
LogPluginManager: Mounting plugin CodeLiteSourceCodeAccess
LogPluginManager: Mounting plugin GitSourceControl
LogPluginManager: Mounting plugin KDevelopSourceCodeAccess
LogPluginManager: Mounting plugin NullSourceCodeAccess
LogPluginManager: Mounting plugin PerforceSourceControl
LogPluginManager: Mounting plugin SubversionSourceControl
LogPluginManager: Mounting plugin UObjectPlugin
LogPluginManager: Mounting plugin VisualStudioCodeSourceCodeAccess
LogPluginManager: Mounting plugin VisualStudioSourceCodeAccess
LogPluginManager: Mounting plugin XCodeSourceCodeAccess
LogPluginManager: Mounting plugin AssetManagerEditor
LogPluginManager: Mounting plugin CryptoKeys
LogPluginManager: Mounting plugin DataValidation
LogPluginManager: Mounting plugin FacialAnimation
LogPluginManager: Mounting plugin GameplayTagsEditor
LogPluginManager: Mounting plugin MobileLauncherProfileWizard
LogPluginManager: Mounting plugin PluginBrowser
LogPluginManager: Mounting plugin SpeedTreeImporter
LogPluginManager: Mounting plugin DatasmithContent
LogPluginManager: Mounting plugin AlembicImporter
LogPluginManager: Mounting plugin CharacterAI
LogPluginManager: Mounting plugin HTML5Networking
LogPluginManager: Mounting plugin AndroidMedia
LogPluginManager: Mounting plugin AvfMedia
LogPluginManager: Mounting plugin ImgMedia
LogPluginManager: Mounting plugin LinearTimecode
LogPluginManager: Mounting plugin MediaCompositing
LogPluginManager: Mounting plugin MediaPlayerEditor
LogPluginManager: Mounting plugin WmfMedia
LogPluginManager: Mounting plugin TcpMessaging
LogPluginManager: Mounting plugin UdpMessaging
LogPluginManager: Mounting plugin ActorSequence
LogPluginManager: Mounting plugin LevelSequenceEditor
LogPluginManager: Mounting plugin MatineeToLevelSequence
LogPluginManager: Mounting plugin NetcodeUnitTest
LogPluginManager: Mounting plugin NUTUnrealEngine4
LogPluginManager: Mounting plugin OnlineSubsystemGooglePlay
LogPluginManager: Mounting plugin OnlineSubsystemIOS
LogPluginManager: Mounting plugin OnlineSubsystem
LogPluginManager: Mounting plugin OnlineSubsystemNull
LogPluginManager: Mounting plugin OnlineSubsystemUtils
LogPluginManager: Mounting plugin AndroidDeviceProfileSelector
LogPluginManager: Mounting plugin AndroidMoviePlayer
LogPluginManager: Mounting plugin AndroidPermission
LogPluginManager: Mounting plugin AppleARKit
LogPluginManager: Mounting plugin AppleMoviePlayer
LogPluginManager: Mounting plugin ArchVisCharacter
LogPluginManager: Mounting plugin AudioCapture
LogPluginManager: Mounting plugin CableComponent
LogPluginManager: Mounting plugin CustomMeshComponent
LogPluginManager: Mounting plugin ExampleDeviceProfileSelector
LogPluginManager: Mounting plugin GoogleCloudMessaging
LogPluginManager: Mounting plugin ImmediatePhysics
LogPluginManager: Mounting plugin IOSDeviceProfileSelector
LogPluginManager: Mounting plugin LinuxDeviceProfileSelector
LogPluginManager: Mounting plugin LocationServicesBPLibrary
LogPluginManager: Mounting plugin MobilePatchingUtils
LogPluginManager: Mounting plugin OculusVR
LogPluginManager: Plugin shader directory ../../../Engine/Plugins/Runtime/Oculus/OculusVR/Shaders found
LogPluginManager: Mapping shader source directory ../../../Engine/Plugins/Runtime/Oculus/OculusVR/Shaders to virtual directory /Plugin/OculusVR
LogPluginManager: Mounting plugin PhysXVehicles
LogPluginManager: Mounting plugin ProceduralMeshComponent
LogPluginManager: Mounting plugin RuntimePhysXCooking
LogPluginManager: Mounting plugin SteamVR
LogPluginManager: Mounting plugin WindowsMoviePlayer
LogStreaming: Display: Took 11.717s to configure plugins.
LogInit: Using libcurl 7.47.1
LogInit:  - built for x86_64-pc-win32
LogInit:  - supports SSL with OpenSSL/1.0.2g
LogInit:  - supports HTTP deflate (compression) using libz 1.2.8
LogInit:  - other features:
LogInit:      CURL_VERSION_SSL
LogInit:      CURL_VERSION_LIBZ
LogInit:      CURL_VERSION_IPV6
LogInit:      CURL_VERSION_ASYNCHDNS
LogInit:      CURL_VERSION_LARGEFILE
LogInit:      CURL_VERSION_IDN
LogInit:  CurlRequestOptions (configurable via config and command line):
LogInit:  - bVerifyPeer = false  - Libcurl will NOT verify peer certificate
LogInit:  - bUseHttpProxy = false  - Libcurl will NOT use HTTP proxy
LogInit:  - bDontReuseConnections = false  - Libcurl will reuse connections
LogInit:  - CertBundlePath = nullptr  - Libcurl will use whatever was configured at build time.
LogInit:  - MaxHostConnections = 16  - Libcurl will limit the number of connections to a host
LogInit:  - LocalHostAddr = Default
LogInit: WinSock: version 1.1 (2.2), MaxSocks=32767, MaxUdp=65467
LogInit: WinSock: I am DESKTOP-4C1UK45 (192.168.2.111:0)
LogInit: Build: ++UE4+Release-4.19-CL-4033788
LogInit: Engine Version: 4.19.2-4033788+++UE4+Release-4.19
LogInit: Compatible Engine Version: 4.19.0-3944462+++UE4+Release-4.19
LogInit: Net CL: 3944462
LogDevObjectVersion: Number of dev versions registered: 18
LogDevObjectVersion:   Dev-Blueprints (B0D832E4-1F89-4F0D-ACCF-7EB736FD4AA2): 10
LogDevObjectVersion:   Dev-Build (E1C64328-A22C-4D53-A36C-8E866417BD8C): 0
LogDevObjectVersion:   Dev-Core (375EC13C-06E4-48FB-B500-84F0262A717E): 2
LogDevObjectVersion:   Dev-Editor (E4B068ED-F494-42E9-A231-DA0B2E46BB41): 23
LogDevObjectVersion:   Dev-Framework (CFFC743F-43B0-4480-9391-14DF171D2073): 33
LogDevObjectVersion:   Dev-Mobile (B02B49B5-BB20-44E9-A304-32B752E40360): 2
LogDevObjectVersion:   Dev-Networking (A4E4105C-59A1-49B5-A7C5-40C4547EDFEE): 0
LogDevObjectVersion:   Dev-Online (39C831C9-5AE6-47DC-9A44-9C173E1C8E7C): 0
LogDevObjectVersion:   Dev-Physics (78F01B33-EBEA-4F98-B9B4-84EACCB95AA2): 0
LogDevObjectVersion:   Dev-Platform (6631380F-2D4D-43E0-8009-CF276956A95A): 0
LogDevObjectVersion:   Dev-Rendering (12F88B9F-8875-4AFC-A67C-D90C383ABD29): 25
LogDevObjectVersion:   Dev-Sequencer (7B5AE74C-D270-4C10-A958-57980B212A5A): 6
LogDevObjectVersion:   Dev-VR (D7296918-1DD6-4BDD-9DE2-64A83CC13884): 1
LogDevObjectVersion:   Dev-LoadTimes (C2A15278-BFE7-4AFE-6C17-90FF531DF755): 1
LogDevObjectVersion:   Private-Geometry (6EACA3D4-40EC-4CC1-B786-8BED09428FC5): 2
LogDevObjectVersion:   Dev-AnimPhys (29E575DD-E0A3-4627-9D10-D276232CDCEA): 16
LogDevObjectVersion:   Dev-ReflectionCapture (6B266CEC-1EC7-4B8F-A30B-E4D90942FC07): 1
LogDevObjectVersion:   Dev-Automation (0DF73D61-A23F-47EA-B727-89E90C41499A): 1
LogInit: Compiled (64-bit): Apr 27 2018 02:06:57
LogInit: Compiled with Visual C++: 19.00.24215.01
LogInit: Build Configuration: Development
LogInit: Branch Name: ++UE4+Release-4.19
LogInit: Command Line:  
LogInit: Base Directory: D:/UE_4.19/Engine/Binaries/Win64/
LogInit: Installed Engine Build: 1
LogStreaming: Display: Took  0.028s to delete old logs.
LogInit: Presizing for max 8388607 objects, including 0 objects not considered by GC, pre-allocating 0 bytes for permanent pool.
LogInit: Object subsystem initialized
[2018.07.13-02.03.15:618][  0]LogInit: Selected Device Profile: [Windows]
[2018.07.13-02.03.15:618][  0]LogInit: Applying CVar settings loaded from the selected device profile: [Windows]
[2018.07.13-02.03.15:809][  0]LogInit: Computer: DESKTOP-4C1UK45
[2018.07.13-02.03.15:809][  0]LogInit: User: 翁小松
[2018.07.13-02.03.15:809][  0]LogInit: CPU Page size=4096, Cores=4
[2018.07.13-02.03.15:809][  0]LogInit: High frequency timer resolution =2.143579 MHz
[2018.07.13-02.03.15:820][  0]LogMemory: Memory total: Physical=7.9GB (8GB approx)
[2018.07.13-02.03.15:820][  0]LogMemory: Platform Memory Stats for Windows
[2018.07.13-02.03.15:820][  0]LogMemory: Process Physical Memory: 275.47 MB used, 275.47 MB peak
[2018.07.13-02.03.15:820][  0]LogMemory: Process Virtual Memory: 270.78 MB used, 270.78 MB peak
[2018.07.13-02.03.15:820][  0]LogMemory: Physical Memory: 5533.53 MB used,  2547.75 MB free, 8081.27 MB total
[2018.07.13-02.03.15:820][  0]LogMemory: Virtual Memory: 704.83 MB used,  2547.75 MB free, 134217728.00 MB total
[2018.07.13-02.03.17:105][  0]LogInit: Overriding language with editor language configuration option (en).
[2018.07.13-02.03.17:105][  0]LogInit: Overriding locale with editor locale configuration option (en).
[2018.07.13-02.03.18:553][  0]LogStreaming: Display: Took  1.438s to EndInitTextLocalization.
[2018.07.13-02.03.18:582][  0]LogInit: Setting process to per monitor DPI aware
[2018.07.13-02.03.19:753][  0]LogSlate: New Slate User Created.  User Index 0, Is Virtual User: 0
[2018.07.13-02.03.19:753][  0]LogSlate: Slate User Registered.  User Index 0, Is Virtual User: 0
[2018.07.13-02.03.20:718][  0]LogD3D11RHI: D3D11 adapters:
[2018.07.13-02.03.20:870][  0]LogD3D11RHI:    0. 'NVIDIA GeForce GT 730M' (Feature Level 11_0)
[2018.07.13-02.03.20:870][  0]LogD3D11RHI:       2020/0/4040 MB DedicatedVideo/DedicatedSystem/SharedSystem, Outputs:2, VendorId:0x10de
[2018.07.13-02.03.20:879][  0]LogD3D11RHI:    1. 'Intel(R) HD Graphics 4000' (Feature Level 11_0)
[2018.07.13-02.03.20:879][  0]LogD3D11RHI:       32/0/1760 MB DedicatedVideo/DedicatedSystem/SharedSystem, Outputs:0, VendorId:0x8086
[2018.07.13-02.03.20:887][  0]LogD3D11RHI:    2. 'Microsoft Basic Render Driver' (Feature Level 11_0)
[2018.07.13-02.03.20:887][  0]LogD3D11RHI:       0/0/4040 MB DedicatedVideo/DedicatedSystem/SharedSystem, Outputs:0, VendorId:0x1414
[2018.07.13-02.03.20:887][  0]LogD3D11RHI: Chosen D3D11 Adapter: 0
[2018.07.13-02.03.20:927][  0]LogD3D11RHI: Creating new Direct3DDevice
[2018.07.13-02.03.20:927][  0]LogD3D11RHI:     GPU DeviceId: 0x1290 (for the marketing name, search the web for "GPU Device Id")
[2018.07.13-02.03.20:927][  0]LogWindows: EnumDisplayDevices:
[2018.07.13-02.03.20:927][  0]LogWindows:    0. 'Intel(R) HD Graphics 4000' (P:1 D:1)
[2018.07.13-02.03.20:928][  0]LogWindows:    1. 'Intel(R) HD Graphics 4000' (P:0 D:1)
[2018.07.13-02.03.20:928][  0]LogWindows:    2. 'Intel(R) HD Graphics 4000' (P:0 D:0)
[2018.07.13-02.03.20:928][  0]LogWindows: DebugString: GetVideoDriverDetailsInvalid PrimaryIsNotTheChoosenAdapter GetVideoDriverDetailsInvalid PrimaryIsNotTheChoosenAdapter GetVideoDriverDetailsInvalid PrimaryIsNotTheChoosenAdapter FoundDriverCount:0 
[2018.07.13-02.03.20:928][  0]LogD3D11RHI:     Adapter Name: NVIDIA GeForce GT 730M
[2018.07.13-02.03.20:929][  0]LogD3D11RHI:   Driver Version: Unknown (internal:Unknown, unified:Unknown)
[2018.07.13-02.03.20:929][  0]LogD3D11RHI:      Driver Date: Unknown
[2018.07.13-02.03.20:929][  0]LogRHI: Texture pool is 1414 MB (70% of 2020 MB)
[2018.07.13-02.03.21:027][  0]LogD3D11RHI: [Aftermath] Aftermath enabled and primed
[2018.07.13-02.03.21:027][  0]LogD3D11RHI: [Aftermath] Aftermath enabled and primed
[2018.07.13-02.03.21:028][  0]LogD3D11RHI: Async texture creation enabled
[2018.07.13-02.03.21:583][  0]LogD3D11RHI: GPU Timing Frequency: 1000.000000 (Debug: 2 2)
[2018.07.13-02.03.21:726][  0]LogShaderCompilers: Guid format shader working directory is 26 characters bigger than the processId version (E:/VR学习/VR_NewLab/Intermediate/Shaders/WorkingDirectory/15736/).
[2018.07.13-02.03.21:729][  0]LogShaderCompilers: Cleaned the shader compiler working directory 'C:/Users/翁小松/AppData/Local/Temp/UnrealShaderWorkingDir/708CBC75404F3104A8B9C7A2F5E94E3D/'.
[2018.07.13-02.03.24:509][  0]LogTemp: Display: Loaded TP AllDesktopTargetPlatform
[2018.07.13-02.03.24:532][  0]LogTemp: Display: Loaded TP MacClientTargetPlatform
[2018.07.13-02.03.24:556][  0]LogTemp: Display: Loaded TP MacNoEditorTargetPlatform
[2018.07.13-02.03.24:582][  0]LogTemp: Display: Loaded TP MacServerTargetPlatform
[2018.07.13-02.03.24:663][  0]LogTemp: Display: Loaded TP MacTargetPlatform
[2018.07.13-02.03.24:688][  0]LogTemp: Display: Loaded TP WindowsClientTargetPlatform
[2018.07.13-02.03.24:708][  0]LogTemp: Display: Loaded TP WindowsNoEditorTargetPlatform
[2018.07.13-02.03.24:730][  0]LogTemp: Display: Loaded TP WindowsServerTargetPlatform
[2018.07.13-02.03.24:741][  0]LogTemp: Display: Loaded TP WindowsTargetPlatform
[2018.07.13-02.03.24:762][  0]LogTemp: Display: Loaded TP Android_ASTCTargetPlatform
[2018.07.13-02.03.24:782][  0]LogTemp: Display: Loaded TP Android_ATCTargetPlatform
[2018.07.13-02.03.24:801][  0]LogTemp: Display: Loaded TP Android_DXTTargetPlatform
[2018.07.13-02.03.24:821][  0]LogTemp: Display: Loaded TP Android_ETC1aTargetPlatform
[2018.07.13-02.03.24:841][  0]LogTemp: Display: Loaded TP Android_ETC1TargetPlatform
[2018.07.13-02.03.24:860][  0]LogTemp: Display: Loaded TP Android_ETC2TargetPlatform
[2018.07.13-02.03.24:925][  0]LogTemp: Display: Loaded TP Android_MultiTargetPlatform
[2018.07.13-02.03.24:925][  0]LogTemp: Display: Loaded TP Android_PVRTCTargetPlatform
[2018.07.13-02.03.24:961][  0]LogTemp: Display: Loaded TP AndroidTargetPlatform
[2018.07.13-02.03.24:980][  0]LogTemp: Display: Loaded TP HTML5TargetPlatform
[2018.07.13-02.03.25:120][  0]LogTemp: Display: Loaded TP IOSTargetPlatform
[2018.07.13-02.03.25:141][  0]LogTemp: Display: Loaded TP TVOSTargetPlatform
[2018.07.13-02.03.25:164][  0]LogTemp: Display: Loaded TP LinuxClientTargetPlatform
[2018.07.13-02.03.25:188][  0]LogTemp: Display: Loaded TP LinuxNoEditorTargetPlatform
[2018.07.13-02.03.25:210][  0]LogTemp: Display: Loaded TP LinuxServerTargetPlatform
[2018.07.13-02.03.25:250][  0]LogTemp: Display: Loaded TP LinuxTargetPlatform
[2018.07.13-02.03.25:250][  0]LogTargetPlatformManager: Display: Building Assets For Windows
[2018.07.13-02.03.26:428][  0]LogXGEController: Cleaning working directory: C:/Users/翁小松/AppData/Local/Temp/UnrealXGEWorkingDir/
[2018.07.13-02.03.26:429][  0]LogXGEController: Cannot use XGE Controller as Incredibuild is not installed on this machine.
[2018.07.13-02.03.26:461][  0]LogShaderCompilers: Cannot use XGE Shader Compiler as Incredibuild is not installed on this machine.
[2018.07.13-02.03.26:461][  0]LogShaderCompilers: Display: Using Local Shader Compiler.
[2018.07.13-02.03.29:846][  0]LogDerivedDataCache: Display: Max Cache Size: 512 MB
[2018.07.13-02.03.30:448][  0]LogDerivedDataCache: Loaded boot cache 0.60s 74MB C:/Users/翁小松/AppData/Local/UnrealEngine/4.19/DerivedDataCache/Boot.ddc.
[2018.07.13-02.03.30:448][  0]LogDerivedDataCache: Display: Loaded Boot cache: C:/Users/翁小松/AppData/Local/UnrealEngine/4.19/DerivedDataCache/Boot.ddc
[2018.07.13-02.03.30:449][  0]LogDerivedDataCache: FDerivedDataBackendGraph:  Pak pak cache file E:/VR学习/VR_NewLab/DerivedDataCache/DDC.ddp not found, will not use a pak cache.
[2018.07.13-02.03.30:449][  0]LogDerivedDataCache: Unable to find inner node Pak for hierarchical cache Hierarchy.
[2018.07.13-02.03.30:449][  0]LogDerivedDataCache: FDerivedDataBackendGraph:  CompressedPak pak cache file E:/VR学习/VR_NewLab/DerivedDataCache/Compressed.ddp not found, will not use a pak cache.
[2018.07.13-02.03.30:449][  0]LogDerivedDataCache: Unable to find inner node CompressedPak for hierarchical cache Hierarchy.
[2018.07.13-02.03.30:580][  0]LogDerivedDataCache: Display: Pak cache opened for reading ../../../Engine/DerivedDataCache/Compressed.ddp.
[2018.07.13-02.03.30:599][  0]LogDerivedDataCache: Using Local data cache path C:/Users/翁小松/AppData/Local/UnrealEngine/Common/DerivedDataCache: Writable
[2018.07.13-02.03.30:599][  0]LogDerivedDataCache: Shared data cache path not found in *engine.ini, will not use an Shared cache.
[2018.07.13-02.03.30:599][  0]LogDerivedDataCache: Unable to find inner node Shared for hierarchical cache Hierarchy.
[2018.07.13-02.03.30:866][  0]LogMaterial: Verifying Global Shaders for PCD3D_SM5
[2018.07.13-02.03.31:042][  0]LogSlate: Using Freetype 2.6.0
[2018.07.13-02.03.31:408][  0]LogSlate: SlateFontCache - WITH_FREETYPE: 1, WITH_HARFBUZZ: 1
[2018.07.13-02.03.31:408][  0]LogSlate: SlateFontCache - WITH_FREETYPE: 1, WITH_HARFBUZZ: 1
[2018.07.13-02.03.36:968][  0]LogAssetRegistry: FAssetRegistry took 0.0797 seconds to start up
[2018.07.13-02.03.56:747][  0]LogInit: Selected Device Profile: [Windows]
[2018.07.13-02.03.59:613][  0]LogSimplygon: Simplygon DLL not present - disabling.
[2018.07.13-02.03.59:667][  0]LogMeshReduction: Using SimplygonSwarm for distributed automatic mesh merging
[2018.07.13-02.03.59:667][  0]LogMeshReduction: Using QuadricMeshReduction for automatic static mesh reduction
[2018.07.13-02.03.59:667][  0]LogMeshReduction: No automatic skeletal mesh reduction module available
[2018.07.13-02.03.59:667][  0]LogMeshReduction: No automatic mesh merging module available
[2018.07.13-02.03.59:667][  0]LogMeshMerging: No automatic mesh merging module available
[2018.07.13-02.04.00:910][  0]LogNetVersion: VR_NewLab , NetCL: 3944462, EngineNetVer: 2, GameNetVer: 0 (Checksum: 3870744136)
[2018.07.13-02.04.09:642][  0]LogPackageLocalizationCache: Processed 9 localized package path(s) for 1 prioritized culture(s) in 0.187265 seconds
[2018.07.13-02.04.09:706][  0]LogUObjectArray: 36728 objects as part of root set at end of initial load.
[2018.07.13-02.04.09:707][  0]LogUObjectAllocator: 7314304 out of 0 bytes used by permanent object pool.
[2018.07.13-02.04.09:707][  0]LogUObjectArray: CloseDisregardForGC: 0/0 objects in disregard for GC pool
[2018.07.13-02.04.31:999][  0]LogTcpMessaging: Initializing TcpMessaging bridge
[2018.07.13-02.04.32:086][  0]LogUdpMessaging: Initializing bridge on interface 0.0.0.0:0 to multicast group 230.0.0.1:6666.
[2018.07.13-02.04.33:869][  0]SourceControl: Source control is disabled
[2018.07.13-02.04.33:871][  0]LogWindows: Warning: CreateProc failed: 系统找不到指定的文件。 (0x00000002)
[2018.07.13-02.04.33:871][  0]LogWindows: Warning: URL: C:/Program Files/Git/bin/git.exe version
[2018.07.13-02.04.33:872][  0]LogWindows: Warning: CreateProc failed: 系统找不到指定的文件。 (0x00000002)
[2018.07.13-02.04.33:872][  0]LogWindows: Warning: URL: C:/Program Files (x86)/Git/bin/git.exe version
[2018.07.13-02.04.33:876][  0]LogWindows: Warning: CreateProc failed: 系统找不到指定的文件。 (0x00000002)
[2018.07.13-02.04.33:876][  0]LogWindows: Warning: URL: C:\Users\翁小松\AppData\Local/Programs/Git/cmd/git.exe version
[2018.07.13-02.04.33:877][  0]LogWindows: Warning: CreateProc failed: 系统找不到指定的文件。 (0x00000002)
[2018.07.13-02.04.33:877][  0]LogWindows: Warning: URL: C:/Program Files (x86)/SmartGit/git/bin/git.exe version
[2018.07.13-02.04.33:878][  0]LogWindows: Warning: CreateProc failed: 系统找不到指定的文件。 (0x00000002)
[2018.07.13-02.04.33:878][  0]LogWindows: Warning: URL: C:/Program Files (x86)/SmartGit/bin/git.exe version
[2018.07.13-02.04.33:879][  0]LogWindows: Warning: CreateProc failed: 系统找不到指定的文件。 (0x00000002)
[2018.07.13-02.04.33:879][  0]LogWindows: Warning: URL: C:\Users\翁小松\AppData\Local/Atlassian/SourceTree/git_local/bin/git.exe version
[2018.07.13-02.04.38:301][  0]LogAndroidPermission: UAndroidPermissionCallbackProxy::GetInstance
[2018.07.13-02.04.38:698][  0]LogOcInput: OculusInput pre-init called
[2018.07.13-02.04.39:886][  0]LogEngine: Initializing Engine...
[2018.07.13-02.04.39:988][  0]LogHMD: Failed to initialize OpenVR with code 110
[2018.07.13-02.04.40:061][  0]LogStats: UGameplayTagsManager::ConstructGameplayTagTree: Construct from data asset -  0.000 s
[2018.07.13-02.04.40:063][  0]LogStats: UGameplayTagsManager::ConstructGameplayTagTree: GameplayTagTreeChangedEvent.Broadcast -  0.001 s
[2018.07.13-02.04.42:423][  0]LogAIModule: Creating AISystem for world Untitled
[2018.07.13-02.04.43:778][  0]LogInit: XAudio2 using '扬声器 (High Definition Audio 设备)' : 2 channels at 48 kHz using 16 bits per sample (channel mask 0x3)
[2018.07.13-02.04.43:810][  0]LogInit: FAudioDevice initialized.
[2018.07.13-02.04.44:012][  0]LogDerivedDataCache: Saved boot cache 0.14s 75MB C:/Users/翁小松/AppData/Local/UnrealEngine/4.19/DerivedDataCache/Boot.ddc.
[2018.07.13-02.04.44:025][  0]LogInit: Texture streaming: Enabled
[2018.07.13-02.04.44:241][  0]LogEngineSessionManager: EngineSessionManager initialized
[2018.07.13-02.04.44:241][  0]LogEngineSessionManager: EngineSessionManager sent abnormal shutdown report. Type=AbnormalShutdown, SessionId={9CCEF585-46F0-C1A2-4ED0-16B227B7E6D4}
[2018.07.13-02.04.44:831][  0]LogInit: Transaction tracking system initialized
[2018.07.13-02.04.45:677][  0]BlueprintLog: New page: Editor Load
[2018.07.13-02.04.47:516][  0]LocalizationService: Localization service is disabled
[2018.07.13-02.04.48:607][  0]LogConsoleResponse: Display: 
[2018.07.13-02.04.50:976][  0]LogCook: Display: Max memory allowance for cook 16384mb min free memory 0mb
[2018.07.13-02.04.50:977][  0]LogCook: Display: Mobile HDR setting 1
[2018.07.13-02.04.50:977][  0]LogGameplayTags: Display: UGameplayTagsManager::DoneAddingNativeTags. DelegateIsBound: 0
[2018.07.13-02.04.50:977][  0]LogStats: UGameplayTagsManager::ConstructGameplayTagTree: Construct from data asset -  0.000 s
[2018.07.13-02.04.50:977][  0]LogStats: UGameplayTagsManager::ConstructGameplayTagTree: GameplayTagTreeChangedEvent.Broadcast -  0.000 s
[2018.07.13-02.04.52:570][  0]LogFileCache: Scanning file cache for directory 'E:/VR学习/VR_NewLab/Content/' took 1.07s
[2018.07.13-02.04.54:103][  0]Cmd: MAP LOAD FILE="E:/VR学习/VR_NewLab/Content/StarterContent/Maps/VR_Lab.umap" TEMPLATE=0 SHOWPROGRESS=1 FEATURELEVEL=3
[2018.07.13-02.04.54:186][  0]LightingResults: New page: Lighting Build
[2018.07.13-02.04.54:611][  0]MapCheck: New page: Map Check
[2018.07.13-02.04.54:611][  0]LightingResults: New page: Lighting Build
[2018.07.13-02.04.57:027][  0]LogUObjectGlobals: Created PersistentFrame Addr=0x000002d12aca2b60, Size=72, Default__ThirdPerson_AnimBP_C Function /Game/StarterContent/Animations/ThirdPerson_AnimBP.ThirdPerson_AnimBP_C:ExecuteUbergraph_ThirdPerson_AnimBP
[2018.07.13-02.04.57:362][  0]LogUObjectGlobals: Destroyed PersistentFrame Addr=0x000002d12aca2b60, Size=72
[2018.07.13-02.04.57:362][  0]LogUObjectGlobals: Created PersistentFrame Addr=0x000002d12ac164d0, Size=72, Default__ThirdPerson_AnimBP_C Function /Engine/Transient.REINST_ThirdPerson_AnimBP_C_0:ExecuteUbergraph_ThirdPerson_AnimBP
[2018.07.13-02.04.57:685][  0]LogUObjectGlobals: Created PersistentFrame Addr=0x000002d12aba3ab0, Size=72, Default__ThirdPerson_AnimBP_C Function /Game/StarterContent/Animations/ThirdPerson_AnimBP.ThirdPerson_AnimBP_C:ExecuteUbergraph_ThirdPerson_AnimBP
[2018.07.13-02.04.57:899][  0]LogUObjectGlobals: Created PersistentFrame Addr=0x000002d12b46a460, Size=8, Default__BP_Fond_C Function /Game/StarterContent/Blueprints/SpawnActorBlueprint/BP_Fond.BP_Fond_C:ExecuteUbergraph_BP_Fond
[2018.07.13-02.04.58:008][  0]LogUObjectGlobals: Destroyed PersistentFrame Addr=0x000002d12b46a460, Size=8
[2018.07.13-02.04.58:008][  0]LogUObjectGlobals: Created PersistentFrame Addr=0x000002d12b46a460, Size=8, Default__BP_Fond_C Function /Engine/Transient.REINST_BP_Fond_C_4:ExecuteUbergraph_BP_Fond
[2018.07.13-02.04.58:011][  0]LogUObjectGlobals: Created PersistentFrame Addr=0x000002d12b46a2b0, Size=8, Default__BP_Fond_C Function /Game/StarterContent/Blueprints/SpawnActorBlueprint/BP_Fond.BP_Fond_C:ExecuteUbergraph_BP_Fond
[2018.07.13-02.04.58:720][  0]LogUObjectGlobals: Created PersistentFrame Addr=0x000002d12f6feb60, Size=136, Default__ThirdPersonCharacter_C Function /Game/StarterContent/Blueprints/PersonBP/ThirdPersonCharacter.ThirdPersonCharacter_C:ExecuteUbergraph_ThirdPersonCharacter
[2018.07.13-02.04.58:767][  0]LogUObjectGlobals: Created PersistentFrame Addr=0x000002d12f701180, Size=328, Default__SelectLab_C Function /Game/StarterContent/Blueprints/PersonBP/Widget/SelectLab.SelectLab_C:ExecuteUbergraph_SelectLab
[2018.07.13-02.04.58:865][  0]LogUObjectGlobals: Created PersistentFrame Addr=0x000002d12f6bd0c0, Size=2832, Default__FirstPersonCharacter1_C Function /Game/StarterContent/Blueprints/PersonBP/FirstPersonCharacter1.FirstPersonCharacter1_C:ExecuteUbergraph_FirstPersonCharacter1
[2018.07.13-02.05.01:309][  0]LogUObjectGlobals: Created PersistentFrame Addr=0x000002d12f70d5a0, Size=16, Default__LabDirectionMenu1_1_C Function /Game/StarterContent/Blueprints/PersonBP/Widget/LabDirectionMenu1_1.LabDirectionMenu1_1_C:ExecuteUbergraph_LabDirectionMenu1_1
[2018.07.13-02.05.01:310][  0]LogUObjectGlobals: Created PersistentFrame Addr=0x000002d12aba6d10, Size=48, Default__LabDirectionMenu1_2_C Function /Game/StarterContent/Blueprints/PersonBP/Widget/LabDirectionMenu1_2.LabDirectionMenu1_2_C:ExecuteUbergraph_LabDirectionMenu1_2
[2018.07.13-02.05.02:580][  0]LogUObjectGlobals: Created PersistentFrame Addr=0x000002d12ff08100, Size=3040, Default__FirstPersonCharacter2_C Function /Game/StarterContent/Blueprints/PersonBP/FirstPersonCharacter2.FirstPersonCharacter2_C:ExecuteUbergraph_FirstPersonCharacter2
[2018.07.13-02.05.02:582][  0]LogUObjectGlobals: Created PersistentFrame Addr=0x000002d12f884870, Size=16, Default__LabDirectionMenu2_1_C Function /Game/StarterContent/Blueprints/PersonBP/Widget/LabDirectionMenu2_1.LabDirectionMenu2_1_C:ExecuteUbergraph_LabDirectionMenu2_1
[2018.07.13-02.05.02:584][  0]LogUObjectGlobals: Created PersistentFrame Addr=0x000002d12aba5d50, Size=48, Default__LabDirectionMenu2_2_C Function /Game/StarterContent/Blueprints/PersonBP/Widget/LabDirectionMenu2_2.LabDirectionMenu2_2_C:ExecuteUbergraph_LabDirectionMenu2_2
[2018.07.13-02.05.03:325][  0]LogUObjectGlobals: Created PersistentFrame Addr=0x000002d1306df040, Size=3264, Default__FirstPersonCharacter3_C Function /Game/StarterContent/Blueprints/PersonBP/FirstPersonCharacter3.FirstPersonCharacter3_C:ExecuteUbergraph_FirstPersonCharacter3
[2018.07.13-02.05.03:326][  0]LogUObjectGlobals: Created PersistentFrame Addr=0x000002d14ce139f0, Size=16, Default__LabDirectionMenu3_1_C Function /Game/StarterContent/Blueprints/PersonBP/Widget/LabDirectionMenu3_1.LabDirectionMenu3_1_C:ExecuteUbergraph_LabDirectionMenu3_1
[2018.07.13-02.05.03:329][  0]LogUObjectGlobals: Created PersistentFrame Addr=0x000002d12aba4e80, Size=48, Default__LabDirectionMenu3_2_C Function /Game/StarterContent/Blueprints/PersonBP/Widget/LabDirectionMenu3_2.LabDirectionMenu3_2_C:ExecuteUbergraph_LabDirectionMenu3_2
[2018.07.13-02.05.04:041][  0]LogUObjectGlobals: Destroyed PersistentFrame Addr=0x000002d12f6bd0c0, Size=2832
[2018.07.13-02.05.04:041][  0]LogUObjectGlobals: Created PersistentFrame Addr=0x000002d12ffb6080, Size=2832, Default__FirstPersonCharacter1_C Function /Engine/Transient.REINST_FirstPersonCharacter1_C_30:ExecuteUbergraph_FirstPersonCharacter1
[2018.07.13-02.05.04:046][  0]LogUObjectGlobals: Destroyed PersistentFrame Addr=0x000002d12ff08100, Size=3040
[2018.07.13-02.05.04:046][  0]LogUObjectGlobals: Created PersistentFrame Addr=0x000002d12f6bd0c0, Size=3040, Default__FirstPersonCharacter2_C Function /Engine/Transient.REINST_FirstPersonCharacter2_C_31:ExecuteUbergraph_FirstPersonCharacter2
[2018.07.13-02.05.04:050][  0]LogUObjectGlobals: Destroyed PersistentFrame Addr=0x000002d1306df040, Size=3264
[2018.07.13-02.05.04:050][  0]LogUObjectGlobals: Created PersistentFrame Addr=0x000002d1304e7040, Size=3264, Default__FirstPersonCharacter3_C Function /Engine/Transient.REINST_FirstPersonCharacter3_C_32:ExecuteUbergraph_FirstPersonCharacter3
[2018.07.13-02.05.04:051][  0]LogUObjectGlobals: Destroyed PersistentFrame Addr=0x000002d12f70d5a0, Size=16
[2018.07.13-02.05.04:051][  0]LogUObjectGlobals: Created PersistentFrame Addr=0x000002d130c45510, Size=16, Default__LabDirectionMenu1_1_C Function /Engine/Transient.REINST_LabDirectionMenu1_1_C_0:ExecuteUbergraph_LabDirectionMenu1_1
[2018.07.13-02.05.04:051][  0]LogUObjectGlobals: Destroyed PersistentFrame Addr=0x000002d12aba6d10, Size=48
[2018.07.13-02.05.04:051][  0]LogUObjectGlobals: Created PersistentFrame Addr=0x000002d12fe46500, Size=48, Default__LabDirectionMenu1_2_C Function /Engine/Transient.REINST_LabDirectionMenu1_2_C_1:ExecuteUbergraph_LabDirectionMenu1_2
[2018.07.13-02.05.04:051][  0]LogUObjectGlobals: Destroyed PersistentFrame Addr=0x000002d12f884870, Size=16
[2018.07.13-02.05.04:051][  0]LogUObjectGlobals: Created PersistentFrame Addr=0x000002d130c455c0, Size=16, Default__LabDirectionMenu2_1_C Function /Engine/Transient.REINST_LabDirectionMenu2_1_C_2:ExecuteUbergraph_LabDirectionMenu2_1
[2018.07.13-02.05.04:052][  0]LogUObjectGlobals: Destroyed PersistentFrame Addr=0x000002d12aba5d50, Size=48
[2018.07.13-02.05.04:052][  0]LogUObjectGlobals: Created PersistentFrame Addr=0x000002d12fe46560, Size=48, Default__LabDirectionMenu2_2_C Function /Engine/Transient.REINST_LabDirectionMenu2_2_C_3:ExecuteUbergraph_LabDirectionMenu2_2
[2018.07.13-02.05.04:052][  0]LogUObjectGlobals: Destroyed PersistentFrame Addr=0x000002d14ce139f0, Size=16
[2018.07.13-02.05.04:052][  0]LogUObjectGlobals: Created PersistentFrame Addr=0x000002d130c451d0, Size=16, Default__LabDirectionMenu3_1_C Function /Engine/Transient.REINST_LabDirectionMenu3_1_C_4:ExecuteUbergraph_LabDirectionMenu3_1
[2018.07.13-02.05.04:053][  0]LogUObjectGlobals: Destroyed PersistentFrame Addr=0x000002d12aba4e80, Size=48
[2018.07.13-02.05.04:053][  0]LogUObjectGlobals: Created PersistentFrame Addr=0x000002d12fe464d0, Size=48, Default__LabDirectionMenu3_2_C Function /Engine/Transient.REINST_LabDirectionMenu3_2_C_5:ExecuteUbergraph_LabDirectionMenu3_2
[2018.07.13-02.05.04:053][  0]LogUObjectGlobals: Destroyed PersistentFrame Addr=0x000002d12f701180, Size=328
[2018.07.13-02.05.04:053][  0]LogUObjectGlobals: Created PersistentFrame Addr=0x000002d130502680, Size=328, Default__SelectLab_C Function /Engine/Transient.REINST_SelectLab_C_6:ExecuteUbergraph_SelectLab
[2018.07.13-02.05.04:054][  0]LogUObjectGlobals: Destroyed PersistentFrame Addr=0x000002d12f6feb60, Size=136
[2018.07.13-02.05.04:055][  0]LogUObjectGlobals: Created PersistentFrame Addr=0x000002d13051f9c0, Size=136, Default__ThirdPersonCharacter_C Function /Engine/Transient.REINST_ThirdPersonCharacter_C_33:ExecuteUbergraph_ThirdPersonCharacter
[2018.07.13-02.05.04:482][  0]LogUObjectGlobals: Created PersistentFrame Addr=0x000002d14d8790c0, Size=2832, Default__FirstPersonCharacter1_C Function /Game/StarterContent/Blueprints/PersonBP/FirstPersonCharacter1.FirstPersonCharacter1_C:ExecuteUbergraph_FirstPersonCharacter1
[2018.07.13-02.05.04:539][  0]LogUObjectGlobals: Created PersistentFrame Addr=0x000002d14d7750c0, Size=3040, Default__FirstPersonCharacter2_C Function /Game/StarterContent/Blueprints/PersonBP/FirstPersonCharacter2.FirstPersonCharacter2_C:ExecuteUbergraph_FirstPersonCharacter2
[2018.07.13-02.05.04:572][  0]LogUObjectGlobals: Created PersistentFrame Addr=0x000002d14d62e080, Size=3264, Default__FirstPersonCharacter3_C Function /Game/StarterContent/Blueprints/PersonBP/FirstPersonCharacter3.FirstPersonCharacter3_C:ExecuteUbergraph_FirstPersonCharacter3
[2018.07.13-02.05.04:580][  0]LogUObjectGlobals: Created PersistentFrame Addr=0x000002d14d89d220, Size=16, Default__LabDirectionMenu1_1_C Function /Game/StarterContent/Blueprints/PersonBP/Widget/LabDirectionMenu1_1.LabDirectionMenu1_1_C:ExecuteUbergraph_LabDirectionMenu1_1
[2018.07.13-02.05.04:583][  0]LogUObjectGlobals: Created PersistentFrame Addr=0x000002d14d53a920, Size=48, Default__LabDirectionMenu1_2_C Function /Game/StarterContent/Blueprints/PersonBP/Widget/LabDirectionMenu1_2.LabDirectionMenu1_2_C:ExecuteUbergraph_LabDirectionMenu1_2
[2018.07.13-02.05.04:584][  0]LogUObjectGlobals: Created PersistentFrame Addr=0x000002d14d89d500, Size=16, Default__LabDirectionMenu2_1_C Function /Game/StarterContent/Blueprints/PersonBP/Widget/LabDirectionMenu2_1.LabDirectionMenu2_1_C:ExecuteUbergraph_LabDirectionMenu2_1
[2018.07.13-02.05.04:588][  0]LogUObjectGlobals: Created PersistentFrame Addr=0x000002d14d538c70, Size=48, Default__LabDirectionMenu2_2_C Function /Game/StarterContent/Blueprints/PersonBP/Widget/LabDirectionMenu2_2.LabDirectionMenu2_2_C:ExecuteUbergraph_LabDirectionMenu2_2
[2018.07.13-02.05.04:591][  0]LogUObjectGlobals: Created PersistentFrame Addr=0x000002d14d89cb40, Size=16, Default__LabDirectionMenu3_1_C Function /Game/StarterContent/Blueprints/PersonBP/Widget/LabDirectionMenu3_1.LabDirectionMenu3_1_C:ExecuteUbergraph_LabDirectionMenu3_1
[2018.07.13-02.05.04:594][  0]LogUObjectGlobals: Created PersistentFrame Addr=0x000002d14d4e2f20, Size=48, Default__LabDirectionMenu3_2_C Function /Game/StarterContent/Blueprints/PersonBP/Widget/LabDirectionMenu3_2.LabDirectionMenu3_2_C:ExecuteUbergraph_LabDirectionMenu3_2
[2018.07.13-02.05.04:599][  0]LogUObjectGlobals: Created PersistentFrame Addr=0x000002d14d5ad780, Size=328, Default__SelectLab_C Function /Game/StarterContent/Blueprints/PersonBP/Widget/SelectLab.SelectLab_C:ExecuteUbergraph_SelectLab
[2018.07.13-02.05.04:618][  0]LogUObjectGlobals: Created PersistentFrame Addr=0x000002d14d482d40, Size=136, Default__ThirdPersonCharacter_C Function /Game/StarterContent/Blueprints/PersonBP/ThirdPersonCharacter.ThirdPersonCharacter_C:ExecuteUbergraph_ThirdPersonCharacter
[2018.07.13-02.05.05:705][  0]LogUObjectGlobals: Created PersistentFrame Addr=0x000002d14d472f68, Size=4, Default__ActorBP_C Function /Game/StarterContent/Blueprints/PersonBP/ActorBP.ActorBP_C:ExecuteUbergraph_ActorBP
[2018.07.13-02.05.05:720][  0]LogUObjectGlobals: Destroyed PersistentFrame Addr=0x000002d14d472f68, Size=4
[2018.07.13-02.05.05:720][  0]LogUObjectGlobals: Created PersistentFrame Addr=0x000002d14d472f68, Size=4, Default__ActorBP_C Function /Engine/Transient.REINST_ActorBP_C_72:ExecuteUbergraph_ActorBP
[2018.07.13-02.05.05:729][  0]LogUObjectGlobals: Created PersistentFrame Addr=0x000002d14d473900, Size=4, Default__ActorBP_C Function /Game/StarterContent/Blueprints/PersonBP/ActorBP.ActorBP_C:ExecuteUbergraph_ActorBP
[2018.07.13-02.05.05:755][  0]LogUObjectGlobals: Created PersistentFrame Addr=0x000002d14d888a40, Size=264, Default__TriggerBox_C Function /Game/StarterContent/Blueprints/PersonBP/TriggerBox.TriggerBox_C:ExecuteUbergraph_TriggerBox
[2018.07.13-02.05.05:761][  0]LogUObjectGlobals: Destroyed PersistentFrame Addr=0x000002d14d888a40, Size=264
[2018.07.13-02.05.05:761][  0]LogUObjectGlobals: Created PersistentFrame Addr=0x000002d14d888a40, Size=264, Default__TriggerBox_C Function /Engine/Transient.REINST_TriggerBox_C_74:ExecuteUbergraph_TriggerBox
[2018.07.13-02.05.05:765][  0]LogUObjectGlobals: Created PersistentFrame Addr=0x000002d14d888680, Size=264, Default__TriggerBox_C Function /Game/StarterContent/Blueprints/PersonBP/TriggerBox.TriggerBox_C:ExecuteUbergraph_TriggerBox
[2018.07.13-02.05.05:831][  0]LogUObjectGlobals: Created PersistentFrame Addr=0x000002d14d71d600, Size=864, Default__VRController_C Function /Game/StarterContent/Blueprints/PersonBP/VRController.VRController_C:ExecuteUbergraph_VRController
[2018.07.13-02.05.05:844][  0]LogUObjectGlobals: Destroyed PersistentFrame Addr=0x000002d14d71d600, Size=864
[2018.07.13-02.05.05:845][  0]LogUObjectGlobals: Created PersistentFrame Addr=0x000002d14d71d600, Size=864, Default__VRController_C Function /Engine/Transient.REINST_VRController_C_77:ExecuteUbergraph_VRController
[2018.07.13-02.05.05:859][  0]LogUObjectGlobals: Created PersistentFrame Addr=0x000002d14d71c480, Size=848, Default__VRController_C Function /Game/StarterContent/Blueprints/PersonBP/VRController.VRController_C:ExecuteUbergraph_VRController
[2018.07.13-02.05.28:884][  0]LogUObjectGlobals: Created PersistentFrame Addr=0x000002d14e759b88, Size=4, Default__VR_Lab_C Function /Game/StarterContent/Maps/VR_Lab.VR_Lab_C:ExecuteUbergraph_VR_Lab
[2018.07.13-02.05.28:887][  0]LogUObjectGlobals: Destroyed PersistentFrame Addr=0x000002d14e759b88, Size=4
[2018.07.13-02.05.28:887][  0]LogUObjectGlobals: Created PersistentFrame Addr=0x000002d14e759b88, Size=4, Default__VR_Lab_C Function /Engine/Transient.REINST_VR_Lab_C_81:ExecuteUbergraph_VR_Lab
[2018.07.13-02.05.28:890][  0]LogUObjectGlobals: Created PersistentFrame Addr=0x000002d14e759908, Size=4, Default__VR_Lab_C Function /Game/StarterContent/Maps/VR_Lab.VR_Lab_C:ExecuteUbergraph_VR_Lab
[2018.07.13-02.05.33:294][  0]LogSkeletalMesh: Skeletal Mesh found in DDC [64.094673ms] /Game/AnimStarterPack/UE4_Mannequin/Mesh/SK_Mannequin.SK_Mannequin
[2018.07.13-02.05.39:986][  0]LogAIModule: Creating AISystem for world VR_Lab
[2018.07.13-02.05.54:078][  0]LogEditorServer: Finished looking for orphan Actors (0.000 secs)
[2018.07.13-02.05.54:451][  0]LogUObjectGlobals: Destroyed PersistentFrame Addr=0x000002d12ac164d0, Size=72
[2018.07.13-02.05.54:496][  0]LogUObjectGlobals: Destroyed PersistentFrame Addr=0x000002d12b46a460, Size=8
[2018.07.13-02.05.54:496][  0]LogUObjectGlobals: Destroyed PersistentFrame Addr=0x000002d13051f9c0, Size=136
[2018.07.13-02.05.54:496][  0]LogUObjectGlobals: Destroyed PersistentFrame Addr=0x000002d130502680, Size=328
[2018.07.13-02.05.54:496][  0]LogUObjectGlobals: Destroyed PersistentFrame Addr=0x000002d12ffb6080, Size=2832
[2018.07.13-02.05.54:496][  0]LogUObjectGlobals: Destroyed PersistentFrame Addr=0x000002d130c45510, Size=16
[2018.07.13-02.05.54:496][  0]LogUObjectGlobals: Destroyed PersistentFrame Addr=0x000002d12fe46500, Size=48
[2018.07.13-02.05.54:497][  0]LogUObjectGlobals: Destroyed PersistentFrame Addr=0x000002d12f6bd0c0, Size=3040
[2018.07.13-02.05.54:497][  0]LogUObjectGlobals: Destroyed PersistentFrame Addr=0x000002d130c455c0, Size=16
[2018.07.13-02.05.54:497][  0]LogUObjectGlobals: Destroyed PersistentFrame Addr=0x000002d12fe46560, Size=48
[2018.07.13-02.05.54:497][  0]LogUObjectGlobals: Destroyed PersistentFrame Addr=0x000002d1304e7040, Size=3264
[2018.07.13-02.05.54:497][  0]LogUObjectGlobals: Destroyed PersistentFrame Addr=0x000002d130c451d0, Size=16
[2018.07.13-02.05.54:497][  0]LogUObjectGlobals: Destroyed PersistentFrame Addr=0x000002d12fe464d0, Size=48
[2018.07.13-02.05.54:498][  0]LogUObjectGlobals: Destroyed PersistentFrame Addr=0x000002d14d472f68, Size=4
[2018.07.13-02.05.54:498][  0]LogUObjectGlobals: Destroyed PersistentFrame Addr=0x000002d14d888a40, Size=264
[2018.07.13-02.05.54:498][  0]LogUObjectGlobals: Destroyed PersistentFrame Addr=0x000002d14d71d600, Size=864
[2018.07.13-02.05.54:498][  0]LogUObjectGlobals: Destroyed PersistentFrame Addr=0x000002d14e759b88, Size=4
[2018.07.13-02.05.54:747][  0]Cmd: MAP CHECKDEP NOCLEARLOG
[2018.07.13-02.05.55:122][  0]MapCheck: Map check complete: 0 Error(s), 0 Warning(s), took 372.688ms to complete.
[2018.07.13-02.05.55:387][  0]LogFileHelpers: Loading map 'VR_Lab' took 61.300
[2018.07.13-02.06.00:350][  0]LogCollectionManager: Loaded 0 collections in 0.001472 seconds
[2018.07.13-02.06.01:203][  0]LogFileCache: Scanning file cache for directory 'E:/VR学习/VR_NewLab/Saved/Collections/' took 0.01s
[2018.07.13-02.06.01:204][  0]LogFileCache: Scanning file cache for directory 'E:/VR学习/VR_NewLab/Content/Developers/翁小松/Collections/' took 0.01s
[2018.07.13-02.06.01:204][  0]LogFileCache: Scanning file cache for directory 'E:/VR学习/VR_NewLab/Content/Collections/' took 0.01s
[2018.07.13-02.06.01:204][  0]LogCollectionManager: Rebuilt the GUID cache for 0 collections in 0.000000 seconds
[2018.07.13-02.06.01:317][  0]LogContentBrowser: Native class hierarchy populated in 0.0202 seconds. Added 2452 classes and 558 folders.
[2018.07.13-02.06.01:805][  0]LogContentBrowser: Native class hierarchy updated for 'WidgetCarousel' in 0.0004 seconds. Added 0 classes and 0 folders.
[2018.07.13-02.06.03:055][  0]LogContentBrowser: Native class hierarchy updated for 'AddContentDialog' in 0.0008 seconds. Added 0 classes and 0 folders.
[2018.07.13-02.06.03:239][  0]LogContentBrowser: Native class hierarchy updated for 'SceneOutliner' in 0.0004 seconds. Added 1 classes and 2 folders.
[2018.07.13-02.06.13:318][  0]LogTemp: Executing iPhonePackager certificates Engine -bundlename com.YourCompany.VRNewLab
[2018.07.13-02.06.13:318][  0]LogTemp: CWD: D:\UE_4.19\Engine\Binaries\DotNET\IOS
[2018.07.13-02.06.13:318][  0]LogTemp: Initial Dir: D:\UE_4.19
[2018.07.13-02.06.13:318][  0]LogTemp: Env CWD: D:\UE_4.19\Engine\Binaries\DotNET\IOS
[2018.07.13-02.06.13:318][  0]LogTemp: BranchPath = DESKTOP-4C1UK45/D/UE_4.19/Engine/Binaries --- GameBranchPath = DESKTOP-4C1UK45/D/UE_4.19/Engine/Binaries
[2018.07.13-02.06.13:319][  0]LogTemp: IPP ERROR: Could not find provision directory 'C:\Users\??С??\AppData\Local/Apple Computer/MobileDevice/Provisioning Profiles/'.
[2018.07.13-02.06.13:319][  0]LogSlate: Only BGRA pngs, bmps or icos are supported in by External Image Picker
[2018.07.13-02.06.14:630][  0]LogSlate: Took 0.142701 seconds to synchronously load lazily loaded font '../../../Engine/Content/Slate/Fonts/Roboto-Regular.ttf' (155K)
[2018.07.13-02.06.14:725][  0]LogSlate: Took 0.042555 seconds to synchronously load lazily loaded font '../../../Engine/Content/Slate/Fonts/Roboto-Bold.ttf' (160K)
[2018.07.13-02.06.15:432][  0]LogSlate: Took 0.161291 seconds to synchronously load lazily loaded font '../../../Engine/Content/Editor/Slate/Fonts/FontAwesome.ttf' (139K)
[2018.07.13-02.06.18:080][  0]LogRenderer: Reallocating scene render targets to support 808x484 Format 10 NumSamples 1 (Frame:1).
[2018.07.13-02.06.21:030][  0]LogContentBrowser: Native class hierarchy updated for 'HierarchicalLODOutliner' in 0.0003 seconds. Added 0 classes and 0 folders.
[2018.07.13-02.06.21:030][  0]LogLoad: (Engine Initialization) Total time: 218.50 seconds
[2018.07.13-02.06.21:030][  0]LogLoad: (Engine Initialization) Total Blueprint compile time: 0.00 seconds
[2018.07.13-02.06.23:655][  0]LogContentStreaming: Texture pool size now 1000 MB
[2018.07.13-02.06.27:785][  1]LogSlate: Took 0.010923 seconds to synchronously load lazily loaded font '../../../Engine/Content/Slate/Fonts/Roboto-Light.ttf' (167K)
[2018.07.13-02.06.28:590][  2]LogSlate: Took 0.000409 seconds to synchronously load lazily loaded font '../../../Engine/Content/Slate/Fonts/Roboto-Light.ttf' (167K)
[2018.07.13-02.06.29:238][  4]LogAssetRegistry: Asset discovery search completed in 172.3402 seconds
[2018.07.13-02.06.29:411][  4]LogCollectionManager: Rebuilt the object cache for 0 collections in 0.000000 seconds (found 0 objects)
[2018.07.13-02.06.29:412][  4]LogCollectionManager: Fixed up redirectors for 0 collections in 0.065981 seconds (updated 0 objects)
[2018.07.13-02.06.45:986][ 54]LogSlate: FSceneViewport::OnFocusLost() reason 0
[2018.07.13-02.06.47:924][ 54]LogContentBrowser: Native class hierarchy updated for 'BlueprintGraph' in 0.0009 seconds. Added 116 classes and 0 folders.
[2018.07.13-02.06.49:183][ 54]LogUObjectGlobals: Created PersistentFrame Addr=0x000002d1b70f1470, Size=4, Default__SKEL_PROTO_BP_AnimBlueprint_0_C Function /Engine/Transient.SKEL_PROTO_BP_AnimBlueprint_0_C:ExecuteUbergraph_PROTO_BP_AnimBlueprint_0
[2018.07.13-02.06.49:223][ 54]LogUObjectGlobals: Created PersistentFrame Addr=0x000002d1b70f1468, Size=4, Default__PROTO_BP_AnimBlueprint_0_C Function /Engine/Transient.PROTO_BP_AnimBlueprint_0_C:ExecuteUbergraph_PROTO_BP_AnimBlueprint_0
[2018.07.13-02.06.56:982][ 54]LogSlate: Took 0.116268 seconds to synchronously load lazily loaded font '../../../Engine/Content/Slate/Fonts/Roboto-BoldCondensed.ttf' (158K)
[2018.07.13-02.06.58:581][ 55]LogSlate: Took 0.015106 seconds to synchronously load lazily loaded font '../../../Engine/Content/Slate/Fonts/Roboto-Italic.ttf' (157K)
[2018.07.13-02.17.44:476][238]LogSlate: FSceneViewport::OnFocusLost() reason 0
[2018.07.13-02.17.49:586][359]LogSlate: Took 0.087167 seconds to synchronously load lazily loaded font '../../../Engine/Content/Slate/Fonts/DroidSansFallback.ttf' (3848K)
[2018.07.13-02.17.50:281][374]LogSlate: FSceneViewport::OnFocusLost() reason 2
[2018.07.13-02.18.04:505][914]LogRenderer: Reallocating scene render targets to support 808x512 Format 10 NumSamples 1 (Frame:540).
[2018.07.13-02.18.04:580][916]LogRenderer: Reallocating scene render targets to support 808x528 Format 10 NumSamples 1 (Frame:542).
[2018.07.13-02.18.11:664][132]LogRenderer: Reallocating scene render targets to support 1376x876 Format 10 NumSamples 1 (Frame:639).
[2018.07.13-02.19.35:780][694]LogEditorViewport: Clicking on Actor (LMB): StaticMeshActor (FLOOR_wood_white_kitchen)
[2018.07.13-02.19.38:158][710]LogEditorViewport: Clicking on Actor (LMB): StaticMeshActor (FLOOR_wood_white_living)
[2018.07.13-02.19.41:395][743]LogEditorViewport: Clicking on Actor (LMB): StaticMeshActor (WIN_kitchen_skylight)
[2018.07.13-02.20.25:649][967]LogEditorViewport: Clicking on Actor (LMB): StaticMeshActor (FLOOR_wood_white_corridor_2)
[2018.07.13-02.21.11:780][209]LogEditorViewport: Clicking on Actor (LMB): StaticMeshActor (FLOOR_wood_white_kitchen)
[2018.07.13-02.21.27:128][403]LogSlate: FSceneViewport::OnFocusLost() reason 0
[2018.07.13-02.21.44:115][594]LogSlate: FSceneViewport::OnFocusLost() reason 0
[2018.07.13-02.21.45:955][683]LogTemp: Repeating last play command: Selected Viewport
[2018.07.13-02.21.46:043][683]LogBlueprintUserMessages: Early PlayInEditor Detection: Level '/Game/StarterContent/Maps/VR_Lab.VR_Lab:PersistentLevel' has LevelScriptBlueprint '/Game/StarterContent/Maps/VR_Lab.VR_Lab:PersistentLevel.VR_Lab' with GeneratedClass '/Game/StarterContent/Maps/VR_Lab.VR_Lab_C' with ClassGeneratedBy '/Game/StarterContent/Maps/VR_Lab.VR_Lab:PersistentLevel.VR_Lab'
[2018.07.13-02.21.46:133][683]LogPlayLevel: PlayLevel: No blueprints needed recompiling
[2018.07.13-02.21.46:349][683]PIE: New page: PIE session: VR_Lab (Jul 13, 2018, 6:21:46 PM)
[2018.07.13-02.21.46:371][683]LogPlayLevel: Creating play world package: /Game/StarterContent/Maps/UEDPIE_0_VR_Lab
[2018.07.13-02.21.46:547][683]LogPlayLevel: PIE: StaticDuplicateObject took: (0.175831s)
[2018.07.13-02.21.46:548][683]LogAIModule: Creating AISystem for world VR_Lab
[2018.07.13-02.21.46:556][683]LogPlayLevel: PIE: World Init took: (0.009166s)
[2018.07.13-02.21.46:556][683]LogPlayLevel: PIE: Created PIE world by copying editor world from /Game/StarterContent/Maps/VR_Lab.VR_Lab to /Game/StarterContent/Maps/UEDPIE_0_VR_Lab.VR_Lab (0.185472s)
[2018.07.13-02.21.46:657][683]LogInit: XAudio2 using '扬声器 (High Definition Audio 设备)' : 2 channels at 48 kHz using 16 bits per sample (channel mask 0x3)
[2018.07.13-02.21.46:677][683]LogInit: FAudioDevice initialized.
[2018.07.13-02.21.46:839][683]LogLoad: Game class is 'VRMode_C'
[2018.07.13-02.21.47:068][683]LogWorld: Bringing World /Game/StarterContent/Maps/UEDPIE_0_VR_Lab.VR_Lab up for play (max tick rate 60) at 2018.07.13-10.21.47
[2018.07.13-02.21.47:191][683]LogWorld: Bringing up level for play took: 0.171298
[2018.07.13-02.21.47:505][683]LogContentBrowser: Native class hierarchy updated for 'MovieSceneCapture' in 0.0006 seconds. Added 11 classes and 0 folders.
[2018.07.13-02.21.47:582][683]LogBlueprintUserMessages: [ActorBP_202] Tab键: 说明菜单
[2018.07.13-02.21.47:792][683]PIE: Play in editor start time for /Game/StarterContent/Maps/UEDPIE_0_VR_Lab 1.929
[2018.07.13-02.21.47:793][683]LogBlueprintUserMessages: Late PlayInEditor Detection: Level '/Game/StarterContent/Maps/VR_Lab.VR_Lab:PersistentLevel' has LevelScriptBlueprint '/Game/StarterContent/Maps/VR_Lab.VR_Lab:PersistentLevel.VR_Lab' with GeneratedClass '/Game/StarterContent/Maps/VR_Lab.VR_Lab_C' with ClassGeneratedBy '/Game/StarterContent/Maps/VR_Lab.VR_Lab:PersistentLevel.VR_Lab'
[2018.07.13-02.22.00:536][931]LogSlate: FSceneViewport::OnFocusLost() reason 0
[2018.07.13-02.22.09:005][128]LogBlueprintUserMessages: Early EndPlayMap Detection: Level '/Game/StarterContent/Maps/VR_Lab.VR_Lab:PersistentLevel' has LevelScriptBlueprint '/Game/StarterContent/Maps/VR_Lab.VR_Lab:PersistentLevel.VR_Lab' with GeneratedClass '/Game/StarterContent/Maps/VR_Lab.VR_Lab_C' with ClassGeneratedBy '/Game/StarterContent/Maps/VR_Lab.VR_Lab:PersistentLevel.VR_Lab'
[2018.07.13-02.22.09:371][128]LogBlueprintUserMessages: Late EndPlayMap Detection: Level '/Game/StarterContent/Maps/VR_Lab.VR_Lab:PersistentLevel' has LevelScriptBlueprint '/Game/StarterContent/Maps/VR_Lab.VR_Lab:PersistentLevel.VR_Lab' with GeneratedClass '/Game/StarterContent/Maps/VR_Lab.VR_Lab_C' with ClassGeneratedBy '/Game/StarterContent/Maps/VR_Lab.VR_Lab:PersistentLevel.VR_Lab'
[2018.07.13-02.22.12:959][170]LogSlate: FSceneViewport::OnFocusLost() reason 0
[2018.07.13-02.22.15:465][224]LogSlate: Window 'Viewport 1' being destroyed
[2018.07.13-02.22.22:710][461]LogSlate: Window 'Viewport 1' being destroyed
[2018.07.13-03.22.45:623][356]LogSlate: FSceneViewport::OnFocusLost() reason 0
[2018.07.13-03.22.47:142][438]LogSlate: FSceneViewport::OnFocusLost() reason 0
[2018.07.13-03.22.48:362][496]LogSlate: FSceneViewport::OnFocusLost() reason 0
[2018.07.13-06.54.30:115][752]LogSlate: FSceneViewport::OnFocusLost() reason 2
[2018.07.13-06.57.25:169][568]LogUProjectInfo: Found projects:
[2018.07.13-06.57.37:188][774]LogSlate: Window 'Convert Project' being destroyed
[2018.07.13-06.57.40:953][882]Cmd: CLOSE_SLATE_MAINFRAME
[2018.07.13-06.57.42:749][882]LogSlate: Window 'Open Project' being destroyed
[2018.07.13-06.57.42:915][882]LogSlate: Window 'VR_NewLab - Unreal Editor' being destroyed
[2018.07.13-06.57.45:232][883]Cmd: QUIT_EDITOR
[2018.07.13-06.57.49:876][883]LogWindowsTextInputMethodSystem: Display: IME system now activated using TSF (搜狗输入法).
[2018.07.13-06.57.50:103][883]LogSlate: Slate User Destroyed.  User Index 0, Is Virtual User: 0
[2018.07.13-06.57.50:216][883]LogExit: Preparing to exit.
[2018.07.13-06.57.57:809][883]LogExit: Editor shut down
[2018.07.13-06.57.57:871][883]LogExit: Transaction tracking system shut down
[2018.07.13-06.57.57:874][883]LogUObjectGlobals: Destroyed PersistentFrame Addr=0x000002d12aba3ab0, Size=72
[2018.07.13-06.57.57:874][883]LogUObjectGlobals: Destroyed PersistentFrame Addr=0x000002d12b46a2b0, Size=8
[2018.07.13-06.57.57:921][883]LogUObjectGlobals: Destroyed PersistentFrame Addr=0x000002d14d8790c0, Size=2832
[2018.07.13-06.57.57:921][883]LogUObjectGlobals: Destroyed PersistentFrame Addr=0x000002d14d7750c0, Size=3040
[2018.07.13-06.57.57:922][883]LogUObjectGlobals: Destroyed PersistentFrame Addr=0x000002d14d62e080, Size=3264
[2018.07.13-06.57.57:922][883]LogUObjectGlobals: Destroyed PersistentFrame Addr=0x000002d14d89d220, Size=16
[2018.07.13-06.57.57:922][883]LogUObjectGlobals: Destroyed PersistentFrame Addr=0x000002d14d53a920, Size=48
[2018.07.13-06.57.57:922][883]LogUObjectGlobals: Destroyed PersistentFrame Addr=0x000002d14d89d500, Size=16
[2018.07.13-06.57.57:922][883]LogUObjectGlobals: Destroyed PersistentFrame Addr=0x000002d14d538c70, Size=48
[2018.07.13-06.57.57:922][883]LogUObjectGlobals: Destroyed PersistentFrame Addr=0x000002d14d89cb40, Size=16
[2018.07.13-06.57.57:922][883]LogUObjectGlobals: Destroyed PersistentFrame Addr=0x000002d14d4e2f20, Size=48
[2018.07.13-06.57.57:922][883]LogUObjectGlobals: Destroyed PersistentFrame Addr=0x000002d14d5ad780, Size=328
[2018.07.13-06.57.57:922][883]LogUObjectGlobals: Destroyed PersistentFrame Addr=0x000002d14d482d40, Size=136
[2018.07.13-06.57.57:923][883]LogUObjectGlobals: Destroyed PersistentFrame Addr=0x000002d14d473900, Size=4
[2018.07.13-06.57.57:923][883]LogUObjectGlobals: Destroyed PersistentFrame Addr=0x000002d14d888680, Size=264
[2018.07.13-06.57.57:924][883]LogUObjectGlobals: Destroyed PersistentFrame Addr=0x000002d14d71c480, Size=848
[2018.07.13-06.57.58:259][883]LogUObjectGlobals: Destroyed PersistentFrame Addr=0x000002d14e759908, Size=4
[2018.07.13-06.57.58:261][883]LogUObjectGlobals: Destroyed PersistentFrame Addr=0x000002d1b70f1470, Size=4
[2018.07.13-06.57.58:261][883]LogUObjectGlobals: Destroyed PersistentFrame Addr=0x000002d1b70f1468, Size=4
[2018.07.13-06.57.59:007][883]LogDirectoryWatcher: A directory notification for '../../../Engine/Content/' was aborted.
[2018.07.13-06.57.59:007][883]LogDirectoryWatcher: A directory notification for 'E:/VR学习/VR_NewLab/Content/' was aborted.
[2018.07.13-06.57.59:008][883]LogDirectoryWatcher: A directory notification for '../../Plugins/2D/Paper2D/Content/' was aborted.
[2018.07.13-06.57.59:008][883]LogDirectoryWatcher: A directory notification for '../../Plugins/Enterprise/DatasmithContent/Content/' was aborted.
[2018.07.13-06.57.59:008][883]LogDirectoryWatcher: A directory notification for '../../Plugins/Media/MediaCompositing/Content/' was aborted.
[2018.07.13-06.57.59:008][883]LogDirectoryWatcher: A directory notification for '../../Plugins/Runtime/AppleARKit/Content/' was aborted.
[2018.07.13-06.57.59:008][883]LogDirectoryWatcher: A directory notification for '../../Plugins/Runtime/Oculus/OculusVR/Content/' was aborted.
[2018.07.13-06.57.59:008][883]LogDirectoryWatcher: A directory notification for '../../Plugins/Runtime/Steam/SteamVR/Content/' was aborted.
[2018.07.13-06.58.10:756][883]LogExit: Object subsystem successfully closed.
[2018.07.13-06.58.14:787][883]LogShaderCompilers: Display: Shaders left to compile 0
[2018.07.13-06.58.14:912][883]LogD3D11RHI: Shutdown
[2018.07.13-06.58.14:912][883]LogD3D11RHI: CleanupD3DDevice
[2018.07.13-06.58.15:610][883]LogD3D11RHI: ~FD3D11DynamicRHI
[2018.07.13-06.58.21:412][883]LogModuleManager: Shutting down and abandoning module MovieSceneCapture (580)
[2018.07.13-06.58.21:439][883]LogModuleManager: Shutting down and abandoning module BlueprintGraph (578)
[2018.07.13-06.58.21:440][883]LogModuleManager: Shutting down and abandoning module HierarchicalLODOutliner (576)
[2018.07.13-06.58.21:440][883]LogModuleManager: Shutting down and abandoning module ExternalImagePicker (574)
[2018.07.13-06.58.21:440][883]LogModuleManager: Shutting down and abandoning module SceneOutliner (572)
[2018.07.13-06.58.21:480][883]LogModuleManager: Shutting down and abandoning module AddContentDialog (570)
[2018.07.13-06.58.21:518][883]LogDirectoryWatcher: A directory notification for 'D:/UE_4.19/FeaturePacks/' was aborted.
[2018.07.13-06.58.21:598][883]LogModuleManager: Shutting down and abandoning module WidgetCarousel (569)
[2018.07.13-06.58.21:598][883]LogModuleManager: Shutting down and abandoning module EditorWidgets (566)
[2018.07.13-06.58.21:598][883]LogModuleManager: Shutting down and abandoning module CollectionManager (564)
[2018.07.13-06.58.21:714][883]LogDirectoryWatcher: A directory notification for 'E:/VR学习/VR_NewLab/Content/Collections/' was aborted.
[2018.07.13-06.58.21:714][883]LogDirectoryWatcher: A directory notification for 'E:/VR学习/VR_NewLab/Content/Developers/翁小松/Collections/' was aborted.
[2018.07.13-06.58.21:714][883]LogDirectoryWatcher: A directory notification for 'E:/VR学习/VR_NewLab/Saved/Collections/' was aborted.
[2018.07.13-06.58.21:714][883]LogModuleManager: Shutting down and abandoning module StatsViewer (562)
[2018.07.13-06.58.21:784][883]LogModuleManager: Shutting down and abandoning module FoliageEdit (560)
[2018.07.13-06.58.21:811][883]LogModuleManager: Shutting down and abandoning module LandscapeEditor (558)
[2018.07.13-06.58.21:950][883]LogModuleManager: Shutting down and abandoning module MeshPaintMode (556)
[2018.07.13-06.58.22:018][883]LogModuleManager: Shutting down and abandoning module SceneDepthPickerMode (554)
[2018.07.13-06.58.22:018][883]LogModuleManager: Shutting down and abandoning module ActorPickerMode (552)
[2018.07.13-06.58.22:018][883]LogModuleManager: Shutting down and abandoning module GeometryMode (550)
[2018.07.13-06.58.22:092][883]LogModuleManager: Shutting down and abandoning module TextureAlignMode (548)
[2018.07.13-06.58.22:092][883]LogModuleManager: Shutting down and abandoning module BspMode (546)
[2018.07.13-06.58.22:093][883]LogModuleManager: Shutting down and abandoning module PIEPreviewDeviceProfileSelector (544)
[2018.07.13-06.58.22:127][883]LogModuleManager: Shutting down and abandoning module HardwareSurvey (542)
[2018.07.13-06.58.22:127][883]LogModuleManager: Shutting down and abandoning module SequenceRecorderSections (540)
[2018.07.13-06.58.22:165][883]LogModuleManager: Shutting down and abandoning module AutomationWorker (538)
[2018.07.13-06.58.22:165][883]LogModuleManager: Shutting down and abandoning module AudioCaptureEditor (536)
[2018.07.13-06.58.22:165][883]LogModuleManager: Shutting down and abandoning module SequenceRecorder (535)
[2018.07.13-06.58.22:248][883]LogModuleManager: Shutting down and abandoning module MatineeToLevelSequence (532)
[2018.07.13-06.58.22:339][883]LogModuleManager: Shutting down and abandoning module LevelSequenceEditor (530)
[2018.07.13-06.58.22:908][883]LogModuleManager: Shutting down and abandoning module PlacementMode (529)
[2018.07.13-06.58.22:908][883]LogModuleManager: Shutting down and abandoning module MaterialEditor (528)
[2018.07.13-06.58.23:505][883]LogModuleManager: Shutting down and abandoning module WmfMediaFactory (524)
[2018.07.13-06.58.23:505][883]LogModuleManager: Shutting down and abandoning module WmfMediaEditor (522)
[2018.07.13-06.58.23:505][883]LogModuleManager: Shutting down and abandoning module MediaPlayerEditor (520)
[2018.07.13-06.58.24:402][883]LogModuleManager: Shutting down and abandoning module OpenExrWrapper (518)
[2018.07.13-06.58.24:402][883]LogModuleManager: Shutting down and abandoning module ImgMediaFactory (516)
[2018.07.13-06.58.24:402][883]LogModuleManager: Shutting down and abandoning module ImgMediaEditor (514)
[2018.07.13-06.58.24:402][883]LogModuleManager: Shutting down and abandoning module AvfMediaFactory (512)
[2018.07.13-06.58.24:402][883]LogModuleManager: Shutting down and abandoning module AvfMediaEditor (510)
[2018.07.13-06.58.24:402][883]LogModuleManager: Shutting down and abandoning module AndroidMediaFactory (508)
[2018.07.13-06.58.24:402][883]LogModuleManager: Shutting down and abandoning module AndroidMediaEditor (506)
[2018.07.13-06.58.24:402][883]LogModuleManager: Shutting down and abandoning module CharacterAI (504)
[2018.07.13-06.58.24:402][883]LogModuleManager: Shutting down and abandoning module SmartSnapping (502)
[2018.07.13-06.58.24:402][883]LogModuleManager: Shutting down and abandoning module SessionServices (500)
[2018.07.13-06.58.24:402][883]LogModuleManager: Shutting down and abandoning module ViewportSnapping (498)
[2018.07.13-06.58.24:402][883]LogModuleManager: Shutting down and abandoning module ViewportInteraction (496)
[2018.07.13-06.58.24:402][883]LogModuleManager: Shutting down and abandoning module ClothPainter (494)
[2018.07.13-06.58.24:843][883]LogModuleManager: Shutting down and abandoning module SkeletalMeshEditor (493)
[2018.07.13-06.58.24:981][883]LogModuleManager: Shutting down and abandoning module LogVisualizer (490)
[2018.07.13-06.58.25:088][883]LogModuleManager: Shutting down and abandoning module IntroTutorials (488)
[2018.07.13-06.58.25:264][883]LogModuleManager: Shutting down and abandoning module GameProjectGeneration (487)
[2018.07.13-06.58.25:264][883]LogModuleManager: Shutting down and abandoning module IOSPlatformEditor (484)
[2018.07.13-06.58.25:264][883]LogModuleManager: Shutting down and abandoning module HTML5PlatformEditor (482)
[2018.07.13-06.58.25:264][883]LogModuleManager: Shutting down and abandoning module AndroidPlatformEditor (480)
[2018.07.13-06.58.25:264][883]LogModuleManager: Shutting down and abandoning module AndroidDeviceDetection (479)
[2018.07.13-06.58.25:892][883]LogModuleManager: Shutting down and abandoning module WindowsPlatformEditor (476)
[2018.07.13-06.58.25:892][883]LogModuleManager: Shutting down and abandoning module IOSRuntimeSettings (474)
[2018.07.13-06.58.25:892][883]LogModuleManager: Shutting down and abandoning module AndroidRuntimeSettings (472)
[2018.07.13-06.58.25:892][883]LogModuleManager: Shutting down and abandoning module InputBindingEditor (470)
[2018.07.13-06.58.25:927][883]LogModuleManager: Shutting down and abandoning module MergeActors (468)
[2018.07.13-06.58.26:076][883]LogModuleManager: Shutting down and abandoning module LocalizationDashboard (466)
[2018.07.13-06.58.26:098][883]LogModuleManager: Shutting down and abandoning module LocalizationService (465)
[2018.07.13-06.58.26:123][883]LogModuleManager: Shutting down and abandoning module HardwareTargeting (462)
[2018.07.13-06.58.26:124][883]LogModuleManager: Shutting down and abandoning module DeviceProfileEditor (460)
[2018.07.13-06.58.26:155][883]LogModuleManager: Shutting down and abandoning module UndoHistory (458)
[2018.07.13-06.58.26:155][883]LogModuleManager: Shutting down and abandoning module XmlParser (456)
[2018.07.13-06.58.26:319][883]LogModuleManager: Shutting down and abandoning module Blutility (454)
[2018.07.13-06.58.26:361][883]LogModuleManager: Shutting down and abandoning module ProjectSettingsViewer (452)
[2018.07.13-06.58.26:362][883]LogModuleManager: Shutting down and abandoning module ProjectTargetPlatformEditor (451)
[2018.07.13-06.58.26:363][883]LogModuleManager: Shutting down and abandoning module EditorSettingsViewer (448)
[2018.07.13-06.58.26:396][883]LogModuleManager: Shutting down and abandoning module SettingsEditor (446)
[2018.07.13-06.58.26:442][883]LogModuleManager: Shutting down and abandoning module ProjectLauncher (444)
[2018.07.13-06.58.26:506][883]LogModuleManager: Shutting down and abandoning module SessionFrontend (442)
[2018.07.13-06.58.26:537][883]LogModuleManager: Shutting down and abandoning module ProfilerClient (440)
[2018.07.13-06.58.26:592][883]LogModuleManager: Shutting down and abandoning module DeviceManager (438)
[2018.07.13-06.58.26:656][883]LogModuleManager: Shutting down and abandoning module TargetDeviceServices (437)
[2018.07.13-06.58.26:710][883]LogModuleManager: Shutting down and abandoning module AutomationController (434)
[2018.07.13-06.58.26:870][883]LogModuleManager: Shutting down and abandoning module AutomationWindow (432)
[2018.07.13-06.58.26:996][883]LogModuleManager: Shutting down and abandoning module Layers (430)
[2018.07.13-06.58.27:146][883]LogModuleManager: Shutting down and abandoning module ComponentVisualizers (428)
[2018.07.13-06.58.27:146][883]LogModuleManager: Shutting down and abandoning module DetailCustomizations (426)
[2018.07.13-06.58.27:618][883]LogModuleManager: Shutting down and abandoning module PackagesDialog (424)
[2018.07.13-06.58.27:705][883]LogModuleManager: Shutting down and abandoning module Persona (422)
[2018.07.13-06.58.27:928][883]LogModuleManager: Shutting down and abandoning module AdvancedPreviewScene (421)
[2018.07.13-06.58.27:928][883]LogModuleManager: Shutting down and abandoning module AnimGraph (419)
[2018.07.13-06.58.27:929][883]LogModuleManager: Shutting down and abandoning module Kismet (416)
[2018.07.13-06.58.27:988][883]LogModuleManager: Shutting down and abandoning module GraphEditor (414)
[2018.07.13-06.58.27:988][883]LogModuleManager: Shutting down and abandoning module ClassViewer (412)
[2018.07.13-06.58.28:010][883]LogModuleManager: Shutting down and abandoning module Toolbox (410)
[2018.07.13-06.58.28:010][883]LogModuleManager: Shutting down and abandoning module ModuleUI (408)
[2018.07.13-06.58.28:047][883]LogModuleManager: Shutting down and abandoning module MovieSceneTools (406)
[2018.07.13-06.58.28:216][883]LogModuleManager: Shutting down and abandoning module OutputLog (404)
[2018.07.13-06.58.28:280][883]LogModuleManager: Shutting down and abandoning module GammaUI (402)
[2018.07.13-06.58.28:332][883]LogModuleManager: Shutting down and abandoning module Documentation (400)
[2018.07.13-06.58.28:332][883]LogModuleManager: Shutting down and abandoning module MovieSceneTracks (398)
[2018.07.13-06.58.28:379][883]LogModuleManager: Shutting down and abandoning module MovieScene (396)
[2018.07.13-06.58.28:405][883]LogModuleManager: Shutting down and abandoning module StreamingPauseRendering (394)
[2018.07.13-06.58.28:405][883]LogModuleManager: Shutting down and abandoning module LauncherPlatform (392)
[2018.07.13-06.58.28:405][883]LogModuleManager: Shutting down and abandoning module AnalyticsET (390)
[2018.07.13-06.58.28:405][883]LogModuleManager: Shutting down and abandoning module PortalServices (388)
[2018.07.13-06.58.28:405][883]LogModuleManager: Shutting down and abandoning module PortalRpc (386)
[2018.07.13-06.58.28:405][883]LogModuleManager: Shutting down and abandoning module MessagingRpc (384)
[2018.07.13-06.58.28:405][883]LogModuleManager: Shutting down and abandoning module AIModule (382)
[2018.07.13-06.58.28:441][883]LogModuleManager: Shutting down and abandoning module GameplayDebugger (381)
[2018.07.13-06.58.28:441][883]LogModuleManager: Shutting down and abandoning module AITestSuite (379)
[2018.07.13-06.58.28:486][883]LogModuleManager: Shutting down and abandoning module DesktopPlatform (376)
[2018.07.13-06.58.28:547][883]LogModuleManager: Shutting down and abandoning module ProfilerService (374)
[2018.07.13-06.58.28:657][883]LogModuleManager: Shutting down and abandoning module TaskGraph (372)
[2018.07.13-06.58.28:691][883]LogModuleManager: Shutting down and abandoning module SteamVRController (370)
[2018.07.13-06.58.28:691][883]LogModuleManager: Shutting down and abandoning module ProceduralMeshComponentEditor (368)
[2018.07.13-06.58.28:692][883]LogModuleManager: Shutting down and abandoning module ProceduralMeshComponent (366)
[2018.07.13-06.58.28:785][883]LogModuleManager: Shutting down and abandoning module OculusInput (364)
[2018.07.13-06.58.28:817][883]LogModuleManager: Shutting down and abandoning module MobilePatchingUtils (362)
[2018.07.13-06.58.28:817][883]LogModuleManager: Shutting down and abandoning module CustomMeshComponent (360)
[2018.07.13-06.58.28:818][883]LogModuleManager: Shutting down and abandoning module CableComponent (358)
[2018.07.13-06.58.28:866][883]LogModuleManager: Shutting down and abandoning module AudioCapture (356)
[2018.07.13-06.58.28:866][883]LogModuleManager: Shutting down and abandoning module ArchVisCharacter (354)
[2018.07.13-06.58.28:866][883]LogModuleManager: Shutting down and abandoning module AndroidPermission (352)
[2018.07.13-06.58.28:866][883]LogModuleManager: Shutting down and abandoning module NUTUnrealEngine4 (348)
[2018.07.13-06.58.28:866][883]LogModuleManager: Shutting down and abandoning module NetcodeUnitTest (346)
[2018.07.13-06.58.29:100][883]LogModuleManager: Shutting down and abandoning module MediaCompositingEditor (344)
[2018.07.13-06.58.29:100][883]LogModuleManager: Shutting down and abandoning module MediaCompositing (342)
[2018.07.13-06.58.29:100][883]LogModuleManager: Shutting down and abandoning module LinearTimecode (340)
[2018.07.13-06.58.29:100][883]LogModuleManager: Shutting down and abandoning module ImgMedia (338)
[2018.07.13-06.58.29:176][883]LogModuleManager: Shutting down and abandoning module HTML5Networking (336)
[2018.07.13-06.58.29:176][883]LogModuleManager: Shutting down and abandoning module AlembicImporter (334)
[2018.07.13-06.58.29:228][883]LogModuleManager: Shutting down and abandoning module AlembicLibrary (333)
[2018.07.13-06.58.29:355][883]LogModuleManager: Shutting down and abandoning module GeometryCache (332)
[2018.07.13-06.58.29:355][883]LogModuleManager: Shutting down and abandoning module GeometryCacheEd (331)
[2018.07.13-06.58.29:355][883]LogModuleManager: Shutting down and abandoning module DatasmithContent (326)
[2018.07.13-06.58.29:355][883]LogModuleManager: Shutting down and abandoning module SpeedTreeImporter (324)
[2018.07.13-06.58.29:355][883]LogModuleManager: Shutting down and abandoning module PluginBrowser (322)
[2018.07.13-06.58.29:564][883]LogModuleManager: Shutting down and abandoning module MobileLauncherProfileWizard (320)
[2018.07.13-06.58.29:672][883]LogModuleManager: Shutting down and abandoning module CryptoKeysOpenSSL (318)
[2018.07.13-06.58.29:751][883]LogModuleManager: Shutting down and abandoning module CryptoKeys (316)
[2018.07.13-06.58.29:751][883]LogModuleManager: Shutting down and abandoning module VisualStudioSourceCodeAccess (314)
[2018.07.13-06.58.29:751][883]LogModuleManager: Shutting down and abandoning module VisualStudioCodeSourceCodeAccess (312)
[2018.07.13-06.58.29:751][883]LogModuleManager: Shutting down and abandoning module UObjectPlugin (310)
[2018.07.13-06.58.29:751][883]LogModuleManager: Shutting down and abandoning module SubversionSourceControl (308)
[2018.07.13-06.58.29:847][883]LogModuleManager: Shutting down and abandoning module PerforceSourceControl (306)
[2018.07.13-06.58.29:924][883]LogModuleManager: Shutting down and abandoning module GitSourceControl (304)
[2018.07.13-06.58.29:948][883]LogModuleManager: Shutting down and abandoning module SourceControl (303)
[2018.07.13-06.58.29:968][883]LogModuleManager: Shutting down and abandoning module CLionSourceCodeAccess (300)
[2018.07.13-06.58.30:029][883]LogModuleManager: Shutting down and abandoning module LightPropagationVolumeEditor (298)
[2018.07.13-06.58.30:029][883]LogModuleManager: Shutting down and abandoning module PaperTiledImporter (296)
[2018.07.13-06.58.30:029][883]LogModuleManager: Shutting down and abandoning module PaperSpriteSheetImporter (294)
[2018.07.13-06.58.30:029][883]LogModuleManager: Shutting down and abandoning module Paper2DEditor (292)
[2018.07.13-06.58.30:167][883]LogModuleManager: Shutting down and abandoning module MeshPaint (291)
[2018.07.13-06.58.30:269][883]LogModuleManager: Shutting down and abandoning module RuntimePhysXCooking (288)
[2018.07.13-06.58.30:269][883]LogModuleManager: Shutting down and abandoning module PhysXVehiclesEditor (286)
[2018.07.13-06.58.30:269][883]LogModuleManager: Shutting down and abandoning module PhysXVehicles (284)
[2018.07.13-06.58.30:269][883]LogModuleManager: Shutting down and abandoning module OculusEditor (282)
[2018.07.13-06.58.30:269][883]LogModuleManager: Shutting down and abandoning module LocationServicesBPLibrary (280)
[2018.07.13-06.58.30:269][883]LogModuleManager: Shutting down and abandoning module ImmediatePhysicsEditor (278)
[2018.07.13-06.58.30:270][883]LogModuleManager: Shutting down and abandoning module ImmediatePhysics (276)
[2018.07.13-06.58.30:311][883]LogModuleManager: Shutting down and abandoning module ActorSequence (274)
[2018.07.13-06.58.30:311][883]LogModuleManager: Shutting down and abandoning module UdpMessaging (272)
[2018.07.13-06.58.30:429][883]LogModuleManager: Shutting down and abandoning module TcpMessaging (270)
[2018.07.13-06.58.30:554][883]LogModuleManager: Shutting down and abandoning module GameplayTagsEditor (268)
[2018.07.13-06.58.30:586][883]LogModuleManager: Shutting down and abandoning module FacialAnimationEditor (266)
[2018.07.13-06.58.30:586][883]LogModuleManager: Shutting down and abandoning module FacialAnimation (264)
[2018.07.13-06.58.30:586][883]LogModuleManager: Shutting down and abandoning module DataValidation (262)
[2018.07.13-06.58.30:586][883]LogModuleManager: Shutting down and abandoning module AssetManagerEditor (260)
[2018.07.13-06.58.30:686][883]LogModuleManager: Shutting down and abandoning module LevelEditor (259)
[2018.07.13-06.58.30:803][883]LogModuleManager: Shutting down and abandoning module PixelInspectorModule (258)
[2018.07.13-06.58.30:829][883]LogModuleManager: Shutting down and abandoning module CommonMenuExtensions (256)
[2018.07.13-06.58.30:830][883]LogModuleManager: Shutting down and abandoning module MainFrame (254)
[2018.07.13-06.58.30:830][883]LogModuleManager: Shutting down and abandoning module HotReload (253)
[2018.07.13-06.58.30:966][883]LogModuleManager: Shutting down and abandoning module ContentBrowser (249)
[2018.07.13-06.58.30:971][883]LogModuleManager: Shutting down and abandoning module TreeMap (247)
[2018.07.13-06.58.31:022][883]LogModuleManager: Shutting down and abandoning module LightPropagationVolumeRuntime (244)
[2018.07.13-06.58.31:022][883]LogModuleManager: Shutting down and abandoning module LiveLinkEditor (242)
[2018.07.13-06.58.31:092][883]LogModuleManager: Shutting down and abandoning module LiveLink (240)
[2018.07.13-06.58.31:722][883]LogModuleManager: Shutting down and abandoning module Paper2D (238)
[2018.07.13-06.58.31:780][883]LogModuleManager: Shutting down and abandoning module WindowsMoviePlayer (236)
[2018.07.13-06.58.31:842][883]LogModuleManager: Shutting down and abandoning module WmfMedia (234)
[2018.07.13-06.58.31:898][883]LogModuleManager: Shutting down and abandoning module Media (233)
[2018.07.13-06.58.31:956][883]LogModuleManager: Shutting down and abandoning module PacketHandler (230)
[2018.07.13-06.58.32:003][883]LogModuleManager: Shutting down and abandoning module ClothingSystemEditor (228)
[2018.07.13-06.58.32:003][883]LogModuleManager: Shutting down and abandoning module ClothingSystemRuntime (226)
[2018.07.13-06.58.32:071][883]LogModuleManager: Shutting down and abandoning module MediaAssets (224)
[2018.07.13-06.58.32:072][883]LogModuleManager: Shutting down and abandoning module Overlay (222)
[2018.07.13-06.58.32:072][883]LogModuleManager: Shutting down and abandoning module OverlayEditor (221)
[2018.07.13-06.58.32:072][883]LogModuleManager: Shutting down and abandoning module VREditor (218)
[2018.07.13-06.58.32:170][883]LogModuleManager: Shutting down and abandoning module StringTableEditor (216)
[2018.07.13-06.58.32:215][883]LogModuleManager: Shutting down and abandoning module GameplayTasksEditor (214)
[2018.07.13-06.58.32:215][883]LogModuleManager: Shutting down and abandoning module BehaviorTreeEditor (212)
[2018.07.13-06.58.32:479][883]LogModuleManager: Shutting down and abandoning module FunctionalTesting (210)
[2018.07.13-06.58.32:532][883]LogModuleManager: Shutting down and abandoning module CollisionAnalyzer (208)
[2018.07.13-06.58.32:654][883]LogModuleManager: Shutting down and abandoning module WorkspaceMenuStructure (207)
[2018.07.13-06.58.32:654][883]LogModuleManager: Shutting down and abandoning module UMG (204)
[2018.07.13-06.58.32:692][883]LogModuleManager: Shutting down and abandoning module UMGEditor (203)
[2018.07.13-06.58.32:883][883]LogModuleManager: Shutting down and abandoning module Sequencer (202)
[2018.07.13-06.58.33:005][883]LogModuleManager: Shutting down and abandoning module MessageLog (199)
[2018.07.13-06.58.33:005][883]LogModuleManager: Shutting down and abandoning module SlateReflector (194)
[2018.07.13-06.58.33:080][883]LogModuleManager: Shutting down and abandoning module Slate (192)
[2018.07.13-06.58.33:080][883]LogModuleManager: Shutting down and abandoning module EditorStyle (190)
[2018.07.13-06.58.33:169][883]LogModuleManager: Shutting down and abandoning module MRMesh (188)
[2018.07.13-06.58.33:169][883]LogModuleManager: Shutting down and abandoning module SourceCodeAccess (186)
[2018.07.13-06.58.33:169][883]LogModuleManager: Shutting down and abandoning module HeadMountedDisplay (184)
[2018.07.13-06.58.33:169][883]LogModuleManager: Shutting down and abandoning module XAudio2 (182)
[2018.07.13-06.58.33:169][883]LogModuleManager: Shutting down and abandoning module Networking (180)
[2018.07.13-06.58.33:169][883]LogModuleManager: Shutting down and abandoning module Core (178)
[2018.07.13-06.58.33:169][883]LogModuleManager: Shutting down and abandoning module LevelSequence (176)
[2018.07.13-06.58.33:223][883]LogModuleManager: Shutting down and abandoning module KismetCompiler (174)
[2018.07.13-06.58.33:223][883]LogModuleManager: Shutting down and abandoning module MeshUtilities (172)
[2018.07.13-06.58.33:339][883]LogModuleManager: Shutting down and abandoning module MeshMergeUtilities (171)
[2018.07.13-06.58.33:358][883]LogModuleManager: Shutting down and abandoning module MeshReductionInterface (170)
[2018.07.13-06.58.33:358][883]LogModuleManager: Shutting down and abandoning module SimplygonSwarm (169)
[2018.07.13-06.58.33:397][883]LogModuleManager: Shutting down and abandoning module SimplygonMeshReduction (167)
[2018.07.13-06.58.33:450][883]LogModuleManager: Shutting down and abandoning module QuadricMeshReduction (165)
[2018.07.13-06.58.33:472][883]LogModuleManager: Shutting down and abandoning module MaterialBaking (161)
[2018.07.13-06.58.33:529][883]LogModuleManager: Shutting down and abandoning module DirectoryWatcher (157)
[2018.07.13-06.58.33:541][883]LogModuleManager: Shutting down and abandoning module DerivedDataCache (154)
[2018.07.13-06.58.33:601][883]LogDerivedDataCache: Shutdown
[2018.07.13-06.58.33:601][883]LogModuleManager: Shutting down and abandoning module XGEController (152)
[2018.07.13-06.58.33:601][883]LogXGEController: Cleaning working directory: C:/Users/翁小松/AppData/Local/Temp/UnrealXGEWorkingDir/
[2018.07.13-06.58.33:602][883]LogModuleManager: Shutting down and abandoning module TargetPlatform (150)
[2018.07.13-06.58.33:602][883]LogModuleManager: Shutting down and abandoning module VulkanShaderFormat (149)
[2018.07.13-06.58.33:626][883]LogModuleManager: Shutting down and abandoning module ShaderFormatVectorVM (147)
[2018.07.13-06.58.33:634][883]LogModuleManager: Shutting down and abandoning module ShaderFormatOpenGL (145)
[2018.07.13-06.58.33:675][883]LogModuleManager: Shutting down and abandoning module ShaderFormatD3D (143)
[2018.07.13-06.58.33:694][883]LogModuleManager: Shutting down and abandoning module MetalShaderFormat (141)
[2018.07.13-06.58.33:743][883]LogModuleManager: Shutting down and abandoning module TextureFormatUncompressed (139)
[2018.07.13-06.58.33:743][883]LogModuleManager: Shutting down and abandoning module TextureFormatPVR (137)
[2018.07.13-06.58.33:743][883]LogModuleManager: Shutting down and abandoning module TextureFormatDXT (135)
[2018.07.13-06.58.33:766][883]LogModuleManager: Shutting down and abandoning module TextureFormatIntelISPCTexComp (133)
[2018.07.13-06.58.33:813][883]LogModuleManager: Shutting down and abandoning module TextureFormatASTC (131)
[2018.07.13-06.58.33:813][883]LogModuleManager: Shutting down and abandoning module ImageWrapper (130)
[2018.07.13-06.58.33:813][883]LogModuleManager: Shutting down and abandoning module TextureFormatAndroid (127)
[2018.07.13-06.58.33:813][883]LogModuleManager: Shutting down and abandoning module AudioFormatOpus (125)
[2018.07.13-06.58.33:814][883]LogModuleManager: Shutting down and abandoning module AudioFormatOgg (123)
[2018.07.13-06.58.33:814][883]LogModuleManager: Shutting down and abandoning module AudioFormatADPCM (121)
[2018.07.13-06.58.33:814][883]LogModuleManager: Shutting down and abandoning module LinuxTargetPlatform (119)
[2018.07.13-06.58.33:814][883]LogModuleManager: Shutting down and abandoning module LinuxServerTargetPlatform (117)
[2018.07.13-06.58.33:814][883]LogModuleManager: Shutting down and abandoning module LinuxNoEditorTargetPlatform (115)
[2018.07.13-06.58.33:814][883]LogModuleManager: Shutting down and abandoning module LinuxClientTargetPlatform (113)
[2018.07.13-06.58.33:815][883]LogModuleManager: Shutting down and abandoning module TVOSTargetPlatform (111)
[2018.07.13-06.58.33:815][883]LogModuleManager: Shutting down and abandoning module Messaging (109)
[2018.07.13-06.58.33:815][883]LogModuleManager: Shutting down and abandoning module IOSTargetPlatform (107)
[2018.07.13-06.58.33:815][883]LogModuleManager: Shutting down and abandoning module HTML5TargetPlatform (105)
[2018.07.13-06.58.33:815][883]LogModuleManager: Shutting down and abandoning module AndroidTargetPlatform (103)
[2018.07.13-06.58.33:815][883]LogModuleManager: Shutting down and abandoning module Android_PVRTCTargetPlatform (101)
[2018.07.13-06.58.33:815][883]LogModuleManager: Shutting down and abandoning module Android_MultiTargetPlatform (99)
[2018.07.13-06.58.33:815][883]LogModuleManager: Shutting down and abandoning module Android_ETC2TargetPlatform (97)
[2018.07.13-06.58.33:815][883]LogModuleManager: Shutting down and abandoning module Android_ETC1TargetPlatform (95)
[2018.07.13-06.58.33:816][883]LogModuleManager: Shutting down and abandoning module Android_ETC1aTargetPlatform (93)
[2018.07.13-06.58.33:816][883]LogModuleManager: Shutting down and abandoning module Android_DXTTargetPlatform (91)
[2018.07.13-06.58.33:816][883]LogModuleManager: Shutting down and abandoning module Android_ATCTargetPlatform (89)
[2018.07.13-06.58.33:816][883]LogModuleManager: Shutting down and abandoning module Android_ASTCTargetPlatform (87)
[2018.07.13-06.58.33:816][883]LogModuleManager: Shutting down and abandoning module WindowsTargetPlatform (85)
[2018.07.13-06.58.33:816][883]LogModuleManager: Shutting down and abandoning module WindowsServerTargetPlatform (83)
[2018.07.13-06.58.33:816][883]LogModuleManager: Shutting down and abandoning module WindowsNoEditorTargetPlatform (81)
[2018.07.13-06.58.33:816][883]LogModuleManager: Shutting down and abandoning module WindowsClientTargetPlatform (79)
[2018.07.13-06.58.33:817][883]LogModuleManager: Shutting down and abandoning module MacTargetPlatform (77)
[2018.07.13-06.58.33:817][883]LogModuleManager: Shutting down and abandoning module MacServerTargetPlatform (75)
[2018.07.13-06.58.33:817][883]LogModuleManager: Shutting down and abandoning module MacNoEditorTargetPlatform (73)
[2018.07.13-06.58.33:817][883]LogModuleManager: Shutting down and abandoning module MacClientTargetPlatform (71)
[2018.07.13-06.58.33:817][883]LogModuleManager: Shutting down and abandoning module AllDesktopTargetPlatform (69)
[2018.07.13-06.58.33:817][883]LogModuleManager: Shutting down and abandoning module InputCore (66)
[2018.07.13-06.58.33:817][883]LogModuleManager: Shutting down and abandoning module Settings (64)
[2018.07.13-06.58.33:818][883]LogModuleManager: Shutting down and abandoning module PhysXCooking (62)
[2018.07.13-06.58.33:818][883]LogModuleManager: Shutting down and abandoning module SteamVR (60)
[2018.07.13-06.58.33:818][883]LogModuleManager: Shutting down and abandoning module OculusHMD (58)
[2018.07.13-06.58.33:832][883]LogModuleManager: Shutting down and abandoning module ExampleDeviceProfileSelector (56)
[2018.07.13-06.58.33:855][883]LogModuleManager: Shutting down and abandoning module AppleARKit (54)
[2018.07.13-06.58.33:856][883]LogModuleManager: Shutting down and abandoning module AugmentedReality (51)
[2018.07.13-06.58.33:856][883]LogModuleManager: Shutting down and abandoning module OnlineBlueprintSupport (48)
[2018.07.13-06.58.33:856][883]LogModuleManager: Shutting down and abandoning module OnlineSubsystem (44)
[2018.07.13-06.58.34:031][883]LogModuleManager: Shutting down and abandoning module XMPP (43)
[2018.07.13-06.58.34:121][883]LogModuleManager: Shutting down and abandoning module HTTP (41)
[2018.07.13-06.58.34:169][883]LogHttp: Display: Http module shutting down, but needs to wait on 1 outstanding Http requests:
[2018.07.13-06.58.34:169][883]LogHttp: Display: 	verb=[POST] url=[https://datarouter.ol.epicgames.com/datarouter/api/v1/public/data?SessionID=%7B60B59D1E-40C3-DC01-AC05-358C2EFC8EFD%7D&AppID=UEEditor.Rocket.Release&AppVersion=4.19.2-4033788%2B%2B%2BUE4%2BRelease-4.19&UserID=e97fa1a546425bbbbf5b6b8ba20827fa%7Ca1bb96ee863e4a4696b5ebe5ce071ce9%7C3972b3fe-e83e-49ad-a3ac-ca0e52a61632&AppEnvironment=datacollector-binary&UploadType=eteventstream] status=Processing
[2018.07.13-06.58.34:391][883]LogModuleManager: Shutting down and abandoning module SSL (40)
[2018.07.13-06.58.34:548][883]LogModuleManager: Shutting down and abandoning module AnimationModifiers (36)
[2018.07.13-06.58.34:642][883]LogModuleManager: Shutting down and abandoning module PropertyEditor (35)
[2018.07.13-06.58.34:710][883]LogModuleManager: Shutting down and abandoning module AudioEditor (32)
[2018.07.13-06.58.34:848][883]LogModuleManager: Shutting down and abandoning module TextureCompressor (30)
[2018.07.13-06.58.35:093][883]LogModuleManager: Shutting down and abandoning module ShaderCore (28)
[2018.07.13-06.58.35:093][883]LogModuleManager: Shutting down and abandoning module Landscape (26)
[2018.07.13-06.58.35:093][883]LogModuleManager: Shutting down and abandoning module SlateRHIRenderer (24)
[2018.07.13-06.58.35:248][883]LogModuleManager: Shutting down and abandoning module OpenGLDrv (22)
[2018.07.13-06.58.35:293][883]LogModuleManager: Shutting down and abandoning module D3D11RHI (20)
[2018.07.13-06.58.35:293][883]LogModuleManager: Shutting down and abandoning module AnimGraphRuntime (18)
[2018.07.13-06.58.35:317][883]LogModuleManager: Shutting down and abandoning module Renderer (16)
[2018.07.13-06.58.35:369][883]LogModuleManager: Shutting down and abandoning module Engine (14)
[2018.07.13-06.58.35:369][883]LogModuleManager: Shutting down and abandoning module CoreUObject (12)
[2018.07.13-06.58.35:369][883]LogModuleManager: Shutting down and abandoning module NetworkFile (10)
[2018.07.13-06.58.35:369][883]LogModuleManager: Shutting down and abandoning module CookedIterativeFile (8)
[2018.07.13-06.58.35:369][883]LogModuleManager: Shutting down and abandoning module StreamingFile (6)
[2018.07.13-06.58.35:369][883]LogModuleManager: Shutting down and abandoning module SandboxFile (4)
[2018.07.13-06.58.35:397][883]LogModuleManager: Shutting down and abandoning module PakFile (2)
[2018.07.13-06.58.35:898][883]LogExit: Exiting.
[2018.07.13-06.58.36:602][883]Log file closed, 07/13/18 14:58:36
